mode: atomic
github.com/drallgood/audiobookshelf-hardcover-sync/cmd/edition/main.go:33.13,37.27 3 0
github.com/drallgood/audiobookshelf-hardcover-sync/cmd/edition/main.go:37.27,38.60 1 0
github.com/drallgood/audiobookshelf-hardcover-sync/cmd/edition/main.go:38.60,40.9 2 0
github.com/drallgood/audiobookshelf-hardcover-sync/cmd/edition/main.go:45.2,46.16 2 0
github.com/drallgood/audiobookshelf-hardcover-sync/cmd/edition/main.go:46.16,56.3 2 0
github.com/drallgood/audiobookshelf-hardcover-sync/cmd/edition/main.go:56.8,64.3 1 0
github.com/drallgood/audiobookshelf-hardcover-sync/cmd/edition/main.go:67.2,118.41 2 0
github.com/drallgood/audiobookshelf-hardcover-sync/cmd/edition/main.go:118.41,124.3 2 0
github.com/drallgood/audiobookshelf-hardcover-sync/cmd/edition/main.go:127.42,130.16 2 0
github.com/drallgood/audiobookshelf-hardcover-sync/cmd/edition/main.go:130.16,132.3 1 0
github.com/drallgood/audiobookshelf-hardcover-sync/cmd/edition/main.go:135.2,140.16 4 0
github.com/drallgood/audiobookshelf-hardcover-sync/cmd/edition/main.go:140.16,142.3 1 0
github.com/drallgood/audiobookshelf-hardcover-sync/cmd/edition/main.go:144.2,145.53 2 0
github.com/drallgood/audiobookshelf-hardcover-sync/cmd/edition/main.go:145.53,147.3 1 0
github.com/drallgood/audiobookshelf-hardcover-sync/cmd/edition/main.go:150.2,153.31 3 0
github.com/drallgood/audiobookshelf-hardcover-sync/cmd/edition/main.go:153.31,155.3 1 0
github.com/drallgood/audiobookshelf-hardcover-sync/cmd/edition/main.go:155.8,157.3 1 0
github.com/drallgood/audiobookshelf-hardcover-sync/cmd/edition/main.go:158.2,162.16 3 0
github.com/drallgood/audiobookshelf-hardcover-sync/cmd/edition/main.go:162.16,164.3 1 0
github.com/drallgood/audiobookshelf-hardcover-sync/cmd/edition/main.go:167.2,169.12 3 0
github.com/drallgood/audiobookshelf-hardcover-sync/cmd/edition/main.go:172.47,175.16 2 0
github.com/drallgood/audiobookshelf-hardcover-sync/cmd/edition/main.go:175.16,177.3 1 0
github.com/drallgood/audiobookshelf-hardcover-sync/cmd/edition/main.go:180.2,186.31 4 0
github.com/drallgood/audiobookshelf-hardcover-sync/cmd/edition/main.go:186.31,188.3 1 0
github.com/drallgood/audiobookshelf-hardcover-sync/cmd/edition/main.go:188.8,190.3 1 0
github.com/drallgood/audiobookshelf-hardcover-sync/cmd/edition/main.go:191.2,195.16 3 0
github.com/drallgood/audiobookshelf-hardcover-sync/cmd/edition/main.go:195.16,197.3 1 0
github.com/drallgood/audiobookshelf-hardcover-sync/cmd/edition/main.go:200.2,202.63 3 0
github.com/drallgood/audiobookshelf-hardcover-sync/cmd/edition/main.go:202.63,204.3 1 0
github.com/drallgood/audiobookshelf-hardcover-sync/cmd/edition/main.go:206.2,207.12 2 0
github.com/drallgood/audiobookshelf-hardcover-sync/cmd/edition-tool/main.go:13.13,24.22 6 0
github.com/drallgood/audiobookshelf-hardcover-sync/cmd/edition-tool/main.go:24.22,27.3 2 0
github.com/drallgood/audiobookshelf-hardcover-sync/cmd/edition-tool/main.go:29.2,29.20 1 0
github.com/drallgood/audiobookshelf-hardcover-sync/cmd/edition-tool/main.go:30.16,31.54 1 0
github.com/drallgood/audiobookshelf-hardcover-sync/cmd/edition-tool/main.go:31.54,33.4 1 0
github.com/drallgood/audiobookshelf-hardcover-sync/cmd/edition-tool/main.go:34.3,34.25 1 0
github.com/drallgood/audiobookshelf-hardcover-sync/cmd/edition-tool/main.go:34.25,37.4 1 0
github.com/drallgood/audiobookshelf-hardcover-sync/cmd/edition-tool/main.go:37.9,37.33 1 0
github.com/drallgood/audiobookshelf-hardcover-sync/cmd/edition-tool/main.go:37.33,40.4 1 0
github.com/drallgood/audiobookshelf-hardcover-sync/cmd/edition-tool/main.go:40.9,40.31 1 0
github.com/drallgood/audiobookshelf-hardcover-sync/cmd/edition-tool/main.go:40.31,43.4 1 0
github.com/drallgood/audiobookshelf-hardcover-sync/cmd/edition-tool/main.go:43.9,46.4 2 0
github.com/drallgood/audiobookshelf-hardcover-sync/cmd/edition-tool/main.go:47.14,48.15 1 0
github.com/drallgood/audiobookshelf-hardcover-sync/cmd/edition-tool/main.go:49.10,52.13 3 0
github.com/drallgood/audiobookshelf-hardcover-sync/cmd/edition-tool/main.go:56.19,74.2 1 0
github.com/drallgood/audiobookshelf-hardcover-sync/cmd/audiobookshelf-hardcover-sync/cli.go:24.36,26.2 1 0
github.com/drallgood/audiobookshelf-hardcover-sync/cmd/audiobookshelf-hardcover-sync/cli.go:29.40,31.16 2 0
github.com/drallgood/audiobookshelf-hardcover-sync/cmd/audiobookshelf-hardcover-sync/cli.go:31.16,33.3 1 0
github.com/drallgood/audiobookshelf-hardcover-sync/cmd/audiobookshelf-hardcover-sync/cli.go:34.2,36.12 3 0
github.com/drallgood/audiobookshelf-hardcover-sync/cmd/audiobookshelf-hardcover-sync/cli.go:40.38,42.2 1 0
github.com/drallgood/audiobookshelf-hardcover-sync/cmd/audiobookshelf-hardcover-sync/cli.go:61.32,90.20 15 0
github.com/drallgood/audiobookshelf-hardcover-sync/cmd/audiobookshelf-hardcover-sync/cli.go:90.20,93.3 1 0
github.com/drallgood/audiobookshelf-hardcover-sync/cmd/audiobookshelf-hardcover-sync/cli.go:94.2,94.18 1 0
github.com/drallgood/audiobookshelf-hardcover-sync/cmd/audiobookshelf-hardcover-sync/cli.go:94.18,96.3 1 0
github.com/drallgood/audiobookshelf-hardcover-sync/cmd/audiobookshelf-hardcover-sync/cli.go:97.2,97.21 1 0
github.com/drallgood/audiobookshelf-hardcover-sync/cmd/audiobookshelf-hardcover-sync/cli.go:97.21,99.3 1 0
github.com/drallgood/audiobookshelf-hardcover-sync/cmd/audiobookshelf-hardcover-sync/cli.go:100.2,100.25 1 0
github.com/drallgood/audiobookshelf-hardcover-sync/cmd/audiobookshelf-hardcover-sync/cli.go:100.25,102.3 1 0
github.com/drallgood/audiobookshelf-hardcover-sync/cmd/audiobookshelf-hardcover-sync/cli.go:103.2,103.24 1 0
github.com/drallgood/audiobookshelf-hardcover-sync/cmd/audiobookshelf-hardcover-sync/cli.go:103.24,105.3 1 0
github.com/drallgood/audiobookshelf-hardcover-sync/cmd/audiobookshelf-hardcover-sync/cli.go:110.2,110.23 1 0
github.com/drallgood/audiobookshelf-hardcover-sync/cmd/audiobookshelf-hardcover-sync/cli.go:110.23,112.3 1 0
github.com/drallgood/audiobookshelf-hardcover-sync/cmd/audiobookshelf-hardcover-sync/cli.go:112.8,115.3 1 0
github.com/drallgood/audiobookshelf-hardcover-sync/cmd/audiobookshelf-hardcover-sync/cli.go:118.2,123.20 4 0
github.com/drallgood/audiobookshelf-hardcover-sync/cmd/audiobookshelf-hardcover-sync/cli.go:123.20,128.3 2 0
github.com/drallgood/audiobookshelf-hardcover-sync/cmd/audiobookshelf-hardcover-sync/cli.go:130.2,130.27 1 0
github.com/drallgood/audiobookshelf-hardcover-sync/cmd/audiobookshelf-hardcover-sync/cli.go:130.27,133.3 2 0
github.com/drallgood/audiobookshelf-hardcover-sync/cmd/audiobookshelf-hardcover-sync/cli.go:136.2,136.24 1 0
github.com/drallgood/audiobookshelf-hardcover-sync/cmd/audiobookshelf-hardcover-sync/cli.go:136.24,139.3 2 0
github.com/drallgood/audiobookshelf-hardcover-sync/cmd/audiobookshelf-hardcover-sync/cli.go:142.2,142.27 1 0
github.com/drallgood/audiobookshelf-hardcover-sync/cmd/audiobookshelf-hardcover-sync/cli.go:142.27,145.3 2 0
github.com/drallgood/audiobookshelf-hardcover-sync/cmd/audiobookshelf-hardcover-sync/cli.go:148.2,148.25 1 0
github.com/drallgood/audiobookshelf-hardcover-sync/cmd/audiobookshelf-hardcover-sync/cli.go:148.25,151.3 2 0
github.com/drallgood/audiobookshelf-hardcover-sync/cmd/audiobookshelf-hardcover-sync/cli.go:153.2,153.13 1 0
github.com/drallgood/audiobookshelf-hardcover-sync/cmd/audiobookshelf-hardcover-sync/cli.go:157.43,158.17 1 0
github.com/drallgood/audiobookshelf-hardcover-sync/cmd/audiobookshelf-hardcover-sync/cli.go:158.17,159.50 1 0
github.com/drallgood/audiobookshelf-hardcover-sync/cmd/audiobookshelf-hardcover-sync/cli.go:159.50,164.4 1 0
github.com/drallgood/audiobookshelf-hardcover-sync/cmd/audiobookshelf-hardcover-sync/cli.go:170.41,189.16 8 0
github.com/drallgood/audiobookshelf-hardcover-sync/cmd/audiobookshelf-hardcover-sync/cli.go:189.16,194.3 2 0
github.com/drallgood/audiobookshelf-hardcover-sync/cmd/audiobookshelf-hardcover-sync/cli.go:197.2,232.28 9 0
github.com/drallgood/audiobookshelf-hardcover-sync/cmd/audiobookshelf-hardcover-sync/cli.go:232.28,234.3 1 0
github.com/drallgood/audiobookshelf-hardcover-sync/cmd/audiobookshelf-hardcover-sync/cli.go:235.2,235.23 1 0
github.com/drallgood/audiobookshelf-hardcover-sync/cmd/audiobookshelf-hardcover-sync/cli.go:235.23,237.3 1 0
github.com/drallgood/audiobookshelf-hardcover-sync/cmd/audiobookshelf-hardcover-sync/cli.go:239.2,276.16 12 0
github.com/drallgood/audiobookshelf-hardcover-sync/cmd/audiobookshelf-hardcover-sync/cli.go:276.16,281.3 2 0
github.com/drallgood/audiobookshelf-hardcover-sync/cmd/audiobookshelf-hardcover-sync/cli.go:283.2,320.16 14 0
github.com/drallgood/audiobookshelf-hardcover-sync/cmd/audiobookshelf-hardcover-sync/cli.go:320.16,326.3 2 0
github.com/drallgood/audiobookshelf-hardcover-sync/cmd/audiobookshelf-hardcover-sync/cli.go:329.2,333.54 2 0
github.com/drallgood/audiobookshelf-hardcover-sync/cmd/audiobookshelf-hardcover-sync/cli.go:339.121,346.12 3 0
github.com/drallgood/audiobookshelf-hardcover-sync/cmd/audiobookshelf-hardcover-sync/cli.go:346.12,351.47 3 0
github.com/drallgood/audiobookshelf-hardcover-sync/cmd/audiobookshelf-hardcover-sync/cli.go:351.47,355.4 1 0
github.com/drallgood/audiobookshelf-hardcover-sync/cmd/audiobookshelf-hardcover-sync/cli.go:357.3,357.7 1 0
github.com/drallgood/audiobookshelf-hardcover-sync/cmd/audiobookshelf-hardcover-sync/cli.go:357.7,358.11 1 0
github.com/drallgood/audiobookshelf-hardcover-sync/cmd/audiobookshelf-hardcover-sync/cli.go:359.20,360.49 1 0
github.com/drallgood/audiobookshelf-hardcover-sync/cmd/audiobookshelf-hardcover-sync/cli.go:360.49,364.6 1 0
github.com/drallgood/audiobookshelf-hardcover-sync/cmd/audiobookshelf-hardcover-sync/cli.go:365.19,367.11 2 0
github.com/drallgood/audiobookshelf-hardcover-sync/cmd/audiobookshelf-hardcover-sync/main.go:64.13,69.22 2 0
github.com/drallgood/audiobookshelf-hardcover-sync/cmd/audiobookshelf-hardcover-sync/main.go:69.22,72.3 2 0
github.com/drallgood/audiobookshelf-hardcover-sync/cmd/audiobookshelf-hardcover-sync/main.go:75.2,75.25 1 0
github.com/drallgood/audiobookshelf-hardcover-sync/cmd/audiobookshelf-hardcover-sync/main.go:75.25,78.3 2 0
github.com/drallgood/audiobookshelf-hardcover-sync/cmd/audiobookshelf-hardcover-sync/main.go:82.2,83.16 2 0
github.com/drallgood/audiobookshelf-hardcover-sync/cmd/audiobookshelf-hardcover-sync/main.go:83.16,87.3 2 0
github.com/drallgood/audiobookshelf-hardcover-sync/cmd/audiobookshelf-hardcover-sync/main.go:92.2,121.29 8 0
github.com/drallgood/audiobookshelf-hardcover-sync/cmd/audiobookshelf-hardcover-sync/main.go:121.29,123.3 1 0
github.com/drallgood/audiobookshelf-hardcover-sync/cmd/audiobookshelf-hardcover-sync/main.go:125.2,125.28 1 0
github.com/drallgood/audiobookshelf-hardcover-sync/cmd/audiobookshelf-hardcover-sync/main.go:125.28,127.3 1 0
github.com/drallgood/audiobookshelf-hardcover-sync/cmd/audiobookshelf-hardcover-sync/main.go:129.2,129.24 1 0
github.com/drallgood/audiobookshelf-hardcover-sync/cmd/audiobookshelf-hardcover-sync/main.go:129.24,131.3 1 0
github.com/drallgood/audiobookshelf-hardcover-sync/cmd/audiobookshelf-hardcover-sync/main.go:134.2,134.29 1 0
github.com/drallgood/audiobookshelf-hardcover-sync/cmd/audiobookshelf-hardcover-sync/main.go:134.29,137.3 2 0
github.com/drallgood/audiobookshelf-hardcover-sync/cmd/audiobookshelf-hardcover-sync/main.go:140.2,170.59 12 0
github.com/drallgood/audiobookshelf-hardcover-sync/cmd/audiobookshelf-hardcover-sync/main.go:170.59,172.3 1 0
github.com/drallgood/audiobookshelf-hardcover-sync/cmd/audiobookshelf-hardcover-sync/main.go:173.2,173.29 1 0
github.com/drallgood/audiobookshelf-hardcover-sync/cmd/audiobookshelf-hardcover-sync/main.go:173.29,174.93 1 0
github.com/drallgood/audiobookshelf-hardcover-sync/cmd/audiobookshelf-hardcover-sync/main.go:174.93,176.4 1 0
github.com/drallgood/audiobookshelf-hardcover-sync/cmd/audiobookshelf-hardcover-sync/main.go:180.2,194.16 4 0
github.com/drallgood/audiobookshelf-hardcover-sync/cmd/audiobookshelf-hardcover-sync/main.go:194.16,201.3 2 0
github.com/drallgood/audiobookshelf-hardcover-sync/cmd/audiobookshelf-hardcover-sync/main.go:202.2,206.16 3 0
github.com/drallgood/audiobookshelf-hardcover-sync/cmd/audiobookshelf-hardcover-sync/main.go:206.16,211.3 2 0
github.com/drallgood/audiobookshelf-hardcover-sync/cmd/audiobookshelf-hardcover-sync/main.go:214.2,227.91 4 0
github.com/drallgood/audiobookshelf-hardcover-sync/cmd/audiobookshelf-hardcover-sync/main.go:227.91,232.3 2 0
github.com/drallgood/audiobookshelf-hardcover-sync/cmd/audiobookshelf-hardcover-sync/main.go:235.2,286.16 6 0
github.com/drallgood/audiobookshelf-hardcover-sync/cmd/audiobookshelf-hardcover-sync/main.go:286.16,291.3 2 0
github.com/drallgood/audiobookshelf-hardcover-sync/cmd/audiobookshelf-hardcover-sync/main.go:294.2,294.24 1 0
github.com/drallgood/audiobookshelf-hardcover-sync/cmd/audiobookshelf-hardcover-sync/main.go:294.24,295.64 1 0
github.com/drallgood/audiobookshelf-hardcover-sync/cmd/audiobookshelf-hardcover-sync/main.go:295.64,300.4 1 0
github.com/drallgood/audiobookshelf-hardcover-sync/cmd/audiobookshelf-hardcover-sync/main.go:301.3,304.5 1 0
github.com/drallgood/audiobookshelf-hardcover-sync/cmd/audiobookshelf-hardcover-sync/main.go:305.8,307.3 1 0
github.com/drallgood/audiobookshelf-hardcover-sync/cmd/audiobookshelf-hardcover-sync/main.go:310.2,312.29 2 0
github.com/drallgood/audiobookshelf-hardcover-sync/cmd/audiobookshelf-hardcover-sync/main.go:312.29,318.34 3 0
github.com/drallgood/audiobookshelf-hardcover-sync/cmd/audiobookshelf-hardcover-sync/main.go:318.34,320.4 1 0
github.com/drallgood/audiobookshelf-hardcover-sync/cmd/audiobookshelf-hardcover-sync/main.go:321.3,321.29 1 0
github.com/drallgood/audiobookshelf-hardcover-sync/cmd/audiobookshelf-hardcover-sync/main.go:321.29,323.4 1 0
github.com/drallgood/audiobookshelf-hardcover-sync/cmd/audiobookshelf-hardcover-sync/main.go:324.3,324.30 1 0
github.com/drallgood/audiobookshelf-hardcover-sync/cmd/audiobookshelf-hardcover-sync/main.go:324.30,326.4 1 0
github.com/drallgood/audiobookshelf-hardcover-sync/cmd/audiobookshelf-hardcover-sync/main.go:327.3,327.38 1 0
github.com/drallgood/audiobookshelf-hardcover-sync/cmd/audiobookshelf-hardcover-sync/main.go:327.38,329.4 1 0
github.com/drallgood/audiobookshelf-hardcover-sync/cmd/audiobookshelf-hardcover-sync/main.go:331.3,342.17 4 0
github.com/drallgood/audiobookshelf-hardcover-sync/cmd/audiobookshelf-hardcover-sync/main.go:342.17,347.4 2 0
github.com/drallgood/audiobookshelf-hardcover-sync/cmd/audiobookshelf-hardcover-sync/main.go:348.8,352.3 1 0
github.com/drallgood/audiobookshelf-hardcover-sync/cmd/audiobookshelf-hardcover-sync/main.go:355.2,356.28 2 0
github.com/drallgood/audiobookshelf-hardcover-sync/cmd/audiobookshelf-hardcover-sync/main.go:356.28,361.13 2 0
github.com/drallgood/audiobookshelf-hardcover-sync/cmd/audiobookshelf-hardcover-sync/main.go:361.13,368.69 2 0
github.com/drallgood/audiobookshelf-hardcover-sync/cmd/audiobookshelf-hardcover-sync/main.go:368.69,370.5 1 0
github.com/drallgood/audiobookshelf-hardcover-sync/cmd/audiobookshelf-hardcover-sync/main.go:372.8,377.3 1 0
github.com/drallgood/audiobookshelf-hardcover-sync/cmd/audiobookshelf-hardcover-sync/main.go:381.2,381.58 1 0
github.com/drallgood/audiobookshelf-hardcover-sync/cmd/audiobookshelf-hardcover-sync/main.go:381.58,383.29 2 0
github.com/drallgood/audiobookshelf-hardcover-sync/cmd/audiobookshelf-hardcover-sync/main.go:383.29,385.4 1 0
github.com/drallgood/audiobookshelf-hardcover-sync/cmd/audiobookshelf-hardcover-sync/main.go:387.3,405.13 8 0
github.com/drallgood/audiobookshelf-hardcover-sync/cmd/audiobookshelf-hardcover-sync/main.go:405.13,409.18 3 0
github.com/drallgood/audiobookshelf-hardcover-sync/cmd/audiobookshelf-hardcover-sync/main.go:409.18,413.5 1 0
github.com/drallgood/audiobookshelf-hardcover-sync/cmd/audiobookshelf-hardcover-sync/main.go:413.10,414.38 1 0
github.com/drallgood/audiobookshelf-hardcover-sync/cmd/audiobookshelf-hardcover-sync/main.go:414.38,418.32 2 0
github.com/drallgood/audiobookshelf-hardcover-sync/cmd/audiobookshelf-hardcover-sync/main.go:418.32,419.67 1 0
github.com/drallgood/audiobookshelf-hardcover-sync/cmd/audiobookshelf-hardcover-sync/main.go:419.67,424.8 1 0
github.com/drallgood/audiobookshelf-hardcover-sync/cmd/audiobookshelf-hardcover-sync/main.go:424.13,427.8 1 0
github.com/drallgood/audiobookshelf-hardcover-sync/cmd/audiobookshelf-hardcover-sync/main.go:431.4,434.8 2 0
github.com/drallgood/audiobookshelf-hardcover-sync/cmd/audiobookshelf-hardcover-sync/main.go:434.8,435.12 1 0
github.com/drallgood/audiobookshelf-hardcover-sync/cmd/audiobookshelf-hardcover-sync/main.go:436.21,438.20 2 0
github.com/drallgood/audiobookshelf-hardcover-sync/cmd/audiobookshelf-hardcover-sync/main.go:438.20,442.15 2 0
github.com/drallgood/audiobookshelf-hardcover-sync/cmd/audiobookshelf-hardcover-sync/main.go:445.6,445.39 1 0
github.com/drallgood/audiobookshelf-hardcover-sync/cmd/audiobookshelf-hardcover-sync/main.go:445.39,447.26 1 0
github.com/drallgood/audiobookshelf-hardcover-sync/cmd/audiobookshelf-hardcover-sync/main.go:447.26,448.16 1 0
github.com/drallgood/audiobookshelf-hardcover-sync/cmd/audiobookshelf-hardcover-sync/main.go:452.7,452.56 1 0
github.com/drallgood/audiobookshelf-hardcover-sync/cmd/audiobookshelf-hardcover-sync/main.go:452.56,456.16 2 0
github.com/drallgood/audiobookshelf-hardcover-sync/cmd/audiobookshelf-hardcover-sync/main.go:460.7,462.100 3 0
github.com/drallgood/audiobookshelf-hardcover-sync/cmd/audiobookshelf-hardcover-sync/main.go:462.100,463.118 1 0
github.com/drallgood/audiobookshelf-hardcover-sync/cmd/audiobookshelf-hardcover-sync/main.go:463.118,465.9 1 0
github.com/drallgood/audiobookshelf-hardcover-sync/cmd/audiobookshelf-hardcover-sync/main.go:469.7,470.68 2 0
github.com/drallgood/audiobookshelf-hardcover-sync/cmd/audiobookshelf-hardcover-sync/main.go:470.68,472.16 1 0
github.com/drallgood/audiobookshelf-hardcover-sync/cmd/audiobookshelf-hardcover-sync/main.go:475.7,480.33 2 0
github.com/drallgood/audiobookshelf-hardcover-sync/cmd/audiobookshelf-hardcover-sync/main.go:480.33,481.68 1 0
github.com/drallgood/audiobookshelf-hardcover-sync/cmd/audiobookshelf-hardcover-sync/main.go:481.68,486.9 1 0
github.com/drallgood/audiobookshelf-hardcover-sync/cmd/audiobookshelf-hardcover-sync/main.go:486.14,489.9 1 0
github.com/drallgood/audiobookshelf-hardcover-sync/cmd/audiobookshelf-hardcover-sync/main.go:493.23,494.12 1 0
github.com/drallgood/audiobookshelf-hardcover-sync/cmd/audiobookshelf-hardcover-sync/main.go:498.8,498.36 1 0
github.com/drallgood/audiobookshelf-hardcover-sync/cmd/audiobookshelf-hardcover-sync/main.go:498.36,500.3 1 0
github.com/drallgood/audiobookshelf-hardcover-sync/cmd/audiobookshelf-hardcover-sync/main.go:503.2,503.9 1 0
github.com/drallgood/audiobookshelf-hardcover-sync/cmd/audiobookshelf-hardcover-sync/main.go:504.20,505.44 1 0
github.com/drallgood/audiobookshelf-hardcover-sync/cmd/audiobookshelf-hardcover-sync/main.go:506.22,509.5 1 0
github.com/drallgood/audiobookshelf-hardcover-sync/cmd/audiobookshelf-hardcover-sync/main.go:513.2,522.42 4 0
github.com/drallgood/audiobookshelf-hardcover-sync/cmd/audiobookshelf-hardcover-sync/main.go:522.42,530.51 4 0
github.com/drallgood/audiobookshelf-hardcover-sync/cmd/audiobookshelf-hardcover-sync/main.go:530.51,534.4 1 0
github.com/drallgood/audiobookshelf-hardcover-sync/cmd/audiobookshelf-hardcover-sync/main.go:535.8,537.3 1 0
github.com/drallgood/audiobookshelf-hardcover-sync/cmd/audiobookshelf-hardcover-sync/main.go:539.2,539.37 1 0
github.com/drallgood/audiobookshelf-hardcover-sync/cmd/audiobookshelf-hardcover-sync/main.go:544.17,601.2 39 0
github.com/drallgood/audiobookshelf-hardcover-sync/cmd/audiobookshelf-hardcover-sync/main.go:603.20,605.2 1 0
github.com/drallgood/audiobookshelf-hardcover-sync/cmd/hardcover-lookup/main.go:38.13,48.55 7 0
github.com/drallgood/audiobookshelf-hardcover-sync/cmd/hardcover-lookup/main.go:48.55,50.3 1 0
github.com/drallgood/audiobookshelf-hardcover-sync/cmd/hardcover-lookup/main.go:53.2,53.52 1 0
github.com/drallgood/audiobookshelf-hardcover-sync/cmd/hardcover-lookup/main.go:53.52,56.3 2 0
github.com/drallgood/audiobookshelf-hardcover-sync/cmd/hardcover-lookup/main.go:59.2,60.20 2 0
github.com/drallgood/audiobookshelf-hardcover-sync/cmd/hardcover-lookup/main.go:60.20,63.3 2 0
github.com/drallgood/audiobookshelf-hardcover-sync/cmd/hardcover-lookup/main.go:64.2,69.16 4 0
github.com/drallgood/audiobookshelf-hardcover-sync/cmd/hardcover-lookup/main.go:69.16,77.3 7 0
github.com/drallgood/audiobookshelf-hardcover-sync/cmd/hardcover-lookup/main.go:80.2,91.15 5 0
github.com/drallgood/audiobookshelf-hardcover-sync/cmd/hardcover-lookup/main.go:91.15,95.3 3 0
github.com/drallgood/audiobookshelf-hardcover-sync/cmd/hardcover-lookup/main.go:98.2,119.20 19 0
github.com/drallgood/audiobookshelf-hardcover-sync/cmd/hardcover-lookup/main.go:120.16,121.50 1 0
github.com/drallgood/audiobookshelf-hardcover-sync/cmd/hardcover-lookup/main.go:121.50,125.4 3 0
github.com/drallgood/audiobookshelf-hardcover-sync/cmd/hardcover-lookup/main.go:126.3,126.24 1 0
github.com/drallgood/audiobookshelf-hardcover-sync/cmd/hardcover-lookup/main.go:126.24,128.4 1 0
github.com/drallgood/audiobookshelf-hardcover-sync/cmd/hardcover-lookup/main.go:128.9,128.29 1 0
github.com/drallgood/audiobookshelf-hardcover-sync/cmd/hardcover-lookup/main.go:128.29,130.4 1 0
github.com/drallgood/audiobookshelf-hardcover-sync/cmd/hardcover-lookup/main.go:130.9,130.31 1 0
github.com/drallgood/audiobookshelf-hardcover-sync/cmd/hardcover-lookup/main.go:130.31,132.31 2 0
github.com/drallgood/audiobookshelf-hardcover-sync/cmd/hardcover-lookup/main.go:132.31,134.5 1 0
github.com/drallgood/audiobookshelf-hardcover-sync/cmd/hardcover-lookup/main.go:135.4,135.64 1 0
github.com/drallgood/audiobookshelf-hardcover-sync/cmd/hardcover-lookup/main.go:136.9,139.4 2 0
github.com/drallgood/audiobookshelf-hardcover-sync/cmd/hardcover-lookup/main.go:141.18,142.52 1 0
github.com/drallgood/audiobookshelf-hardcover-sync/cmd/hardcover-lookup/main.go:142.52,146.4 3 0
github.com/drallgood/audiobookshelf-hardcover-sync/cmd/hardcover-lookup/main.go:147.3,147.26 1 0
github.com/drallgood/audiobookshelf-hardcover-sync/cmd/hardcover-lookup/main.go:147.26,149.4 1 0
github.com/drallgood/audiobookshelf-hardcover-sync/cmd/hardcover-lookup/main.go:149.9,149.31 1 0
github.com/drallgood/audiobookshelf-hardcover-sync/cmd/hardcover-lookup/main.go:149.31,151.4 1 0
github.com/drallgood/audiobookshelf-hardcover-sync/cmd/hardcover-lookup/main.go:151.9,151.33 1 0
github.com/drallgood/audiobookshelf-hardcover-sync/cmd/hardcover-lookup/main.go:151.33,153.31 2 0
github.com/drallgood/audiobookshelf-hardcover-sync/cmd/hardcover-lookup/main.go:153.31,155.5 1 0
github.com/drallgood/audiobookshelf-hardcover-sync/cmd/hardcover-lookup/main.go:156.4,156.70 1 0
github.com/drallgood/audiobookshelf-hardcover-sync/cmd/hardcover-lookup/main.go:157.9,160.4 2 0
github.com/drallgood/audiobookshelf-hardcover-sync/cmd/hardcover-lookup/main.go:162.19,163.53 1 0
github.com/drallgood/audiobookshelf-hardcover-sync/cmd/hardcover-lookup/main.go:163.53,167.4 3 0
github.com/drallgood/audiobookshelf-hardcover-sync/cmd/hardcover-lookup/main.go:168.3,168.27 1 0
github.com/drallgood/audiobookshelf-hardcover-sync/cmd/hardcover-lookup/main.go:168.27,170.4 1 0
github.com/drallgood/audiobookshelf-hardcover-sync/cmd/hardcover-lookup/main.go:170.9,170.32 1 0
github.com/drallgood/audiobookshelf-hardcover-sync/cmd/hardcover-lookup/main.go:170.32,172.4 1 0
github.com/drallgood/audiobookshelf-hardcover-sync/cmd/hardcover-lookup/main.go:172.9,172.34 1 0
github.com/drallgood/audiobookshelf-hardcover-sync/cmd/hardcover-lookup/main.go:172.34,174.31 2 0
github.com/drallgood/audiobookshelf-hardcover-sync/cmd/hardcover-lookup/main.go:174.31,176.5 1 0
github.com/drallgood/audiobookshelf-hardcover-sync/cmd/hardcover-lookup/main.go:177.4,177.73 1 0
github.com/drallgood/audiobookshelf-hardcover-sync/cmd/hardcover-lookup/main.go:178.9,181.4 2 0
github.com/drallgood/audiobookshelf-hardcover-sync/cmd/hardcover-lookup/main.go:183.14,184.15 1 0
github.com/drallgood/audiobookshelf-hardcover-sync/cmd/hardcover-lookup/main.go:186.10,190.13 4 0
github.com/drallgood/audiobookshelf-hardcover-sync/cmd/hardcover-lookup/main.go:195.109,198.16 3 0
github.com/drallgood/audiobookshelf-hardcover-sync/cmd/hardcover-lookup/main.go:198.16,201.3 2 0
github.com/drallgood/audiobookshelf-hardcover-sync/cmd/hardcover-lookup/main.go:203.2,203.16 1 0
github.com/drallgood/audiobookshelf-hardcover-sync/cmd/hardcover-lookup/main.go:203.16,205.3 1 0
github.com/drallgood/audiobookshelf-hardcover-sync/cmd/hardcover-lookup/main.go:205.8,207.29 2 0
github.com/drallgood/audiobookshelf-hardcover-sync/cmd/hardcover-lookup/main.go:207.29,209.4 1 0
github.com/drallgood/audiobookshelf-hardcover-sync/cmd/hardcover-lookup/main.go:214.92,217.16 3 0
github.com/drallgood/audiobookshelf-hardcover-sync/cmd/hardcover-lookup/main.go:217.16,220.3 2 0
github.com/drallgood/audiobookshelf-hardcover-sync/cmd/hardcover-lookup/main.go:222.2,222.16 1 0
github.com/drallgood/audiobookshelf-hardcover-sync/cmd/hardcover-lookup/main.go:222.16,224.3 1 0
github.com/drallgood/audiobookshelf-hardcover-sync/cmd/hardcover-lookup/main.go:224.8,226.3 1 0
github.com/drallgood/audiobookshelf-hardcover-sync/cmd/hardcover-lookup/main.go:230.111,234.29 3 0
github.com/drallgood/audiobookshelf-hardcover-sync/cmd/hardcover-lookup/main.go:234.29,236.17 2 0
github.com/drallgood/audiobookshelf-hardcover-sync/cmd/hardcover-lookup/main.go:236.17,241.12 2 0
github.com/drallgood/audiobookshelf-hardcover-sync/cmd/hardcover-lookup/main.go:244.3,244.17 1 0
github.com/drallgood/audiobookshelf-hardcover-sync/cmd/hardcover-lookup/main.go:244.17,246.4 1 0
github.com/drallgood/audiobookshelf-hardcover-sync/cmd/hardcover-lookup/main.go:246.9,248.30 2 0
github.com/drallgood/audiobookshelf-hardcover-sync/cmd/hardcover-lookup/main.go:248.30,250.5 1 0
github.com/drallgood/audiobookshelf-hardcover-sync/cmd/hardcover-lookup/main.go:254.2,254.16 1 0
github.com/drallgood/audiobookshelf-hardcover-sync/cmd/hardcover-lookup/main.go:254.16,256.3 1 0
github.com/drallgood/audiobookshelf-hardcover-sync/cmd/hardcover-lookup/main.go:260.111,263.16 3 0
github.com/drallgood/audiobookshelf-hardcover-sync/cmd/hardcover-lookup/main.go:263.16,266.3 2 0
github.com/drallgood/audiobookshelf-hardcover-sync/cmd/hardcover-lookup/main.go:268.2,268.16 1 0
github.com/drallgood/audiobookshelf-hardcover-sync/cmd/hardcover-lookup/main.go:268.16,270.3 1 0
github.com/drallgood/audiobookshelf-hardcover-sync/cmd/hardcover-lookup/main.go:270.8,272.31 2 0
github.com/drallgood/audiobookshelf-hardcover-sync/cmd/hardcover-lookup/main.go:272.31,274.4 1 0
github.com/drallgood/audiobookshelf-hardcover-sync/cmd/hardcover-lookup/main.go:279.94,282.16 3 0
github.com/drallgood/audiobookshelf-hardcover-sync/cmd/hardcover-lookup/main.go:282.16,285.3 2 0
github.com/drallgood/audiobookshelf-hardcover-sync/cmd/hardcover-lookup/main.go:287.2,287.16 1 0
github.com/drallgood/audiobookshelf-hardcover-sync/cmd/hardcover-lookup/main.go:287.16,289.3 1 0
github.com/drallgood/audiobookshelf-hardcover-sync/cmd/hardcover-lookup/main.go:289.8,291.3 1 0
github.com/drallgood/audiobookshelf-hardcover-sync/cmd/hardcover-lookup/main.go:295.113,299.29 3 0
github.com/drallgood/audiobookshelf-hardcover-sync/cmd/hardcover-lookup/main.go:299.29,301.17 2 0
github.com/drallgood/audiobookshelf-hardcover-sync/cmd/hardcover-lookup/main.go:301.17,306.12 2 0
github.com/drallgood/audiobookshelf-hardcover-sync/cmd/hardcover-lookup/main.go:309.3,309.17 1 0
github.com/drallgood/audiobookshelf-hardcover-sync/cmd/hardcover-lookup/main.go:309.17,311.4 1 0
github.com/drallgood/audiobookshelf-hardcover-sync/cmd/hardcover-lookup/main.go:311.9,313.32 2 0
github.com/drallgood/audiobookshelf-hardcover-sync/cmd/hardcover-lookup/main.go:313.32,315.5 1 0
github.com/drallgood/audiobookshelf-hardcover-sync/cmd/hardcover-lookup/main.go:319.2,319.16 1 0
github.com/drallgood/audiobookshelf-hardcover-sync/cmd/hardcover-lookup/main.go:319.16,321.3 1 0
github.com/drallgood/audiobookshelf-hardcover-sync/cmd/hardcover-lookup/main.go:325.112,328.16 3 0
github.com/drallgood/audiobookshelf-hardcover-sync/cmd/hardcover-lookup/main.go:328.16,331.3 2 0
github.com/drallgood/audiobookshelf-hardcover-sync/cmd/hardcover-lookup/main.go:333.2,333.16 1 0
github.com/drallgood/audiobookshelf-hardcover-sync/cmd/hardcover-lookup/main.go:333.16,335.3 1 0
github.com/drallgood/audiobookshelf-hardcover-sync/cmd/hardcover-lookup/main.go:335.8,337.32 2 0
github.com/drallgood/audiobookshelf-hardcover-sync/cmd/hardcover-lookup/main.go:337.32,339.4 1 0
github.com/drallgood/audiobookshelf-hardcover-sync/cmd/hardcover-lookup/main.go:344.95,349.16 3 0
github.com/drallgood/audiobookshelf-hardcover-sync/cmd/hardcover-lookup/main.go:349.16,352.3 2 0
github.com/drallgood/audiobookshelf-hardcover-sync/cmd/hardcover-lookup/main.go:355.2,356.28 2 0
github.com/drallgood/audiobookshelf-hardcover-sync/cmd/hardcover-lookup/main.go:356.28,357.29 1 0
github.com/drallgood/audiobookshelf-hardcover-sync/cmd/hardcover-lookup/main.go:357.29,359.9 2 0
github.com/drallgood/audiobookshelf-hardcover-sync/cmd/hardcover-lookup/main.go:363.2,363.27 1 0
github.com/drallgood/audiobookshelf-hardcover-sync/cmd/hardcover-lookup/main.go:363.27,366.3 2 0
github.com/drallgood/audiobookshelf-hardcover-sync/cmd/hardcover-lookup/main.go:368.2,368.16 1 0
github.com/drallgood/audiobookshelf-hardcover-sync/cmd/hardcover-lookup/main.go:368.16,370.3 1 0
github.com/drallgood/audiobookshelf-hardcover-sync/cmd/hardcover-lookup/main.go:370.8,372.3 1 0
github.com/drallgood/audiobookshelf-hardcover-sync/cmd/hardcover-lookup/main.go:376.114,380.29 3 0
github.com/drallgood/audiobookshelf-hardcover-sync/cmd/hardcover-lookup/main.go:380.29,382.17 2 0
github.com/drallgood/audiobookshelf-hardcover-sync/cmd/hardcover-lookup/main.go:382.17,387.12 2 0
github.com/drallgood/audiobookshelf-hardcover-sync/cmd/hardcover-lookup/main.go:390.3,390.17 1 0
github.com/drallgood/audiobookshelf-hardcover-sync/cmd/hardcover-lookup/main.go:390.17,392.4 1 0
github.com/drallgood/audiobookshelf-hardcover-sync/cmd/hardcover-lookup/main.go:392.9,394.33 2 0
github.com/drallgood/audiobookshelf-hardcover-sync/cmd/hardcover-lookup/main.go:394.33,396.5 1 0
github.com/drallgood/audiobookshelf-hardcover-sync/cmd/hardcover-lookup/main.go:400.2,400.16 1 0
github.com/drallgood/audiobookshelf-hardcover-sync/cmd/hardcover-lookup/main.go:400.16,402.3 1 0
github.com/drallgood/audiobookshelf-hardcover-sync/cmd/hardcover-lookup/main.go:406.31,409.16 3 0
github.com/drallgood/audiobookshelf-hardcover-sync/cmd/hardcover-lookup/main.go:409.16,412.3 2 0
github.com/drallgood/audiobookshelf-hardcover-sync/cmd/hardcover-lookup/main.go:416.19,472.2 1 0
github.com/drallgood/audiobookshelf-hardcover-sync/cmd/image-tool/main.go:18.13,20.96 1 0
github.com/drallgood/audiobookshelf-hardcover-sync/cmd/image-tool/main.go:20.96,23.3 2 0
github.com/drallgood/audiobookshelf-hardcover-sync/cmd/image-tool/main.go:26.2,26.48 1 0
github.com/drallgood/audiobookshelf-hardcover-sync/cmd/image-tool/main.go:26.48,28.3 1 0
github.com/drallgood/audiobookshelf-hardcover-sync/cmd/image-tool/main.go:31.2,45.28 4 0
github.com/drallgood/audiobookshelf-hardcover-sync/cmd/image-tool/main.go:45.28,47.3 1 0
github.com/drallgood/audiobookshelf-hardcover-sync/cmd/image-tool/main.go:50.2,50.22 1 0
github.com/drallgood/audiobookshelf-hardcover-sync/cmd/image-tool/main.go:50.22,59.3 8 0
github.com/drallgood/audiobookshelf-hardcover-sync/cmd/image-tool/main.go:62.2,63.16 2 0
github.com/drallgood/audiobookshelf-hardcover-sync/cmd/image-tool/main.go:63.16,74.3 3 0
github.com/drallgood/audiobookshelf-hardcover-sync/cmd/image-tool/main.go:77.2,78.37 2 0
github.com/drallgood/audiobookshelf-hardcover-sync/cmd/image-tool/main.go:78.37,80.3 1 0
github.com/drallgood/audiobookshelf-hardcover-sync/cmd/image-tool/main.go:82.2,91.60 3 0
github.com/drallgood/audiobookshelf-hardcover-sync/cmd/image-tool/main.go:91.60,95.3 3 0
github.com/drallgood/audiobookshelf-hardcover-sync/cmd/image-tool/main.go:97.2,97.39 1 0
github.com/drallgood/audiobookshelf-hardcover-sync/cmd/image-tool/main.go:97.39,101.3 3 0
github.com/drallgood/audiobookshelf-hardcover-sync/cmd/image-tool/main.go:104.2,104.19 1 0
github.com/drallgood/audiobookshelf-hardcover-sync/cmd/image-tool/main.go:104.19,106.3 1 0
github.com/drallgood/audiobookshelf-hardcover-sync/cmd/image-tool/main.go:106.8,108.53 1 0
github.com/drallgood/audiobookshelf-hardcover-sync/cmd/image-tool/main.go:108.53,113.4 2 0
github.com/drallgood/audiobookshelf-hardcover-sync/cmd/image-tool/main.go:114.3,114.67 1 0
github.com/drallgood/audiobookshelf-hardcover-sync/cmd/image-tool/main.go:119.60,121.22 1 0
github.com/drallgood/audiobookshelf-hardcover-sync/cmd/image-tool/main.go:121.22,123.51 1 0
github.com/drallgood/audiobookshelf-hardcover-sync/cmd/image-tool/main.go:123.51,125.4 1 0
github.com/drallgood/audiobookshelf-hardcover-sync/cmd/image-tool/main.go:125.9,128.51 2 0
github.com/drallgood/audiobookshelf-hardcover-sync/cmd/image-tool/main.go:128.51,130.5 1 0
github.com/drallgood/audiobookshelf-hardcover-sync/cmd/image-tool/main.go:135.2,136.16 2 0
github.com/drallgood/audiobookshelf-hardcover-sync/cmd/image-tool/main.go:136.16,138.3 1 0
github.com/drallgood/audiobookshelf-hardcover-sync/cmd/image-tool/main.go:140.2,140.17 1 0
github.com/drallgood/audiobookshelf-hardcover-sync/cmd/image-tool/main.go:144.80,156.17 4 0
github.com/drallgood/audiobookshelf-hardcover-sync/cmd/image-tool/main.go:156.17,159.3 2 0
github.com/drallgood/audiobookshelf-hardcover-sync/cmd/image-tool/main.go:162.2,165.36 3 0
github.com/drallgood/audiobookshelf-hardcover-sync/cmd/image-tool/main.go:165.36,167.3 1 0
github.com/drallgood/audiobookshelf-hardcover-sync/cmd/image-tool/main.go:168.2,179.16 6 0
github.com/drallgood/audiobookshelf-hardcover-sync/cmd/image-tool/main.go:179.16,184.3 2 0
github.com/drallgood/audiobookshelf-hardcover-sync/cmd/image-tool/main.go:187.2,189.16 3 0
github.com/drallgood/audiobookshelf-hardcover-sync/cmd/image-tool/main.go:189.16,194.3 2 0
github.com/drallgood/audiobookshelf-hardcover-sync/cmd/image-tool/main.go:196.2,199.4 1 0
github.com/drallgood/audiobookshelf-hardcover-sync/cmd/image-tool/main.go:203.100,215.17 4 0
github.com/drallgood/audiobookshelf-hardcover-sync/cmd/image-tool/main.go:215.17,218.3 2 0
github.com/drallgood/audiobookshelf-hardcover-sync/cmd/image-tool/main.go:221.2,224.36 3 0
github.com/drallgood/audiobookshelf-hardcover-sync/cmd/image-tool/main.go:224.36,226.3 1 0
github.com/drallgood/audiobookshelf-hardcover-sync/cmd/image-tool/main.go:229.2,238.16 6 0
github.com/drallgood/audiobookshelf-hardcover-sync/cmd/image-tool/main.go:238.16,243.3 2 0
github.com/drallgood/audiobookshelf-hardcover-sync/cmd/image-tool/main.go:246.2,248.16 3 0
github.com/drallgood/audiobookshelf-hardcover-sync/cmd/image-tool/main.go:248.16,253.3 2 0
github.com/drallgood/audiobookshelf-hardcover-sync/cmd/image-tool/main.go:255.2,258.4 1 0
github.com/drallgood/audiobookshelf-hardcover-sync/cmd/image-tool/main.go:261.19,288.2 1 0
github.com/drallgood/audiobookshelf-hardcover-sync/internal/api/handlers_new.go:30.113,37.16 2 0
github.com/drallgood/audiobookshelf-hardcover-sync/internal/api/handlers_new.go:37.16,39.3 1 0
github.com/drallgood/audiobookshelf-hardcover-sync/internal/api/handlers_new.go:39.8,42.3 1 0
github.com/drallgood/audiobookshelf-hardcover-sync/internal/api/handlers_new.go:44.2,44.10 1 0
github.com/drallgood/audiobookshelf-hardcover-sync/internal/api/handlers_new.go:78.98,84.16 4 0
github.com/drallgood/audiobookshelf-hardcover-sync/internal/api/handlers_new.go:84.16,88.3 1 0
github.com/drallgood/audiobookshelf-hardcover-sync/internal/api/handlers_new.go:88.8,93.3 1 0
github.com/drallgood/audiobookshelf-hardcover-sync/internal/api/handlers_new.go:96.2,96.46 1 0
github.com/drallgood/audiobookshelf-hardcover-sync/internal/api/handlers_new.go:96.46,100.3 1 0
github.com/drallgood/audiobookshelf-hardcover-sync/internal/api/handlers_new.go:104.93,109.2 1 0
github.com/drallgood/audiobookshelf-hardcover-sync/internal/api/handlers_new.go:112.81,117.2 1 0
github.com/drallgood/audiobookshelf-hardcover-sync/internal/api/handlers_new.go:120.94,121.14 1 0
github.com/drallgood/audiobookshelf-hardcover-sync/internal/api/handlers_new.go:121.14,123.3 1 0
github.com/drallgood/audiobookshelf-hardcover-sync/internal/api/handlers_new.go:124.2,137.3 2 0
github.com/drallgood/audiobookshelf-hardcover-sync/internal/api/handlers_new.go:141.71,143.19 2 0
github.com/drallgood/audiobookshelf-hardcover-sync/internal/api/handlers_new.go:143.19,147.6 3 0
github.com/drallgood/audiobookshelf-hardcover-sync/internal/api/handlers_new.go:152.5,153.32 2 0
github.com/drallgood/audiobookshelf-hardcover-sync/internal/api/handlers_new.go:153.32,162.105 3 0
github.com/drallgood/audiobookshelf-hardcover-sync/internal/api/handlers_new.go:162.105,164.10 1 0
github.com/drallgood/audiobookshelf-hardcover-sync/internal/api/handlers_new.go:164.15,164.69 1 0
github.com/drallgood/audiobookshelf-hardcover-sync/internal/api/handlers_new.go:164.69,166.10 1 0
github.com/drallgood/audiobookshelf-hardcover-sync/internal/api/handlers_new.go:167.9,168.34 2 0
github.com/drallgood/audiobookshelf-hardcover-sync/internal/api/handlers_new.go:171.5,171.36 1 0
github.com/drallgood/audiobookshelf-hardcover-sync/internal/api/handlers_new.go:175.70,179.21 3 0
github.com/drallgood/audiobookshelf-hardcover-sync/internal/api/handlers_new.go:179.21,183.3 3 0
github.com/drallgood/audiobookshelf-hardcover-sync/internal/api/handlers_new.go:185.2,186.16 2 0
github.com/drallgood/audiobookshelf-hardcover-sync/internal/api/handlers_new.go:186.16,190.3 3 0
github.com/drallgood/audiobookshelf-hardcover-sync/internal/api/handlers_new.go:192.2,192.20 1 0
github.com/drallgood/audiobookshelf-hardcover-sync/internal/api/handlers_new.go:192.20,196.3 3 0
github.com/drallgood/audiobookshelf-hardcover-sync/internal/api/handlers_new.go:198.2,199.60 2 0
github.com/drallgood/audiobookshelf-hardcover-sync/internal/api/handlers_new.go:203.73,205.61 2 0
github.com/drallgood/audiobookshelf-hardcover-sync/internal/api/handlers_new.go:205.61,208.3 2 0
github.com/drallgood/audiobookshelf-hardcover-sync/internal/api/handlers_new.go:210.2,210.128 1 0
github.com/drallgood/audiobookshelf-hardcover-sync/internal/api/handlers_new.go:210.128,213.3 2 0
github.com/drallgood/audiobookshelf-hardcover-sync/internal/api/handlers_new.go:215.2,223.16 2 0
github.com/drallgood/audiobookshelf-hardcover-sync/internal/api/handlers_new.go:223.16,227.3 3 0
github.com/drallgood/audiobookshelf-hardcover-sync/internal/api/handlers_new.go:230.2,232.16 2 0
github.com/drallgood/audiobookshelf-hardcover-sync/internal/api/handlers_new.go:232.16,236.3 3 0
github.com/drallgood/audiobookshelf-hardcover-sync/internal/api/handlers_new.go:238.2,238.60 1 0
github.com/drallgood/audiobookshelf-hardcover-sync/internal/api/handlers_new.go:242.73,244.21 2 0
github.com/drallgood/audiobookshelf-hardcover-sync/internal/api/handlers_new.go:244.21,247.3 2 0
github.com/drallgood/audiobookshelf-hardcover-sync/internal/api/handlers_new.go:249.2,250.61 2 0
github.com/drallgood/audiobookshelf-hardcover-sync/internal/api/handlers_new.go:250.61,253.3 2 0
github.com/drallgood/audiobookshelf-hardcover-sync/internal/api/handlers_new.go:256.2,256.20 1 0
github.com/drallgood/audiobookshelf-hardcover-sync/internal/api/handlers_new.go:256.20,257.79 1 0
github.com/drallgood/audiobookshelf-hardcover-sync/internal/api/handlers_new.go:257.79,261.4 3 0
github.com/drallgood/audiobookshelf-hardcover-sync/internal/api/handlers_new.go:265.2,266.16 2 0
github.com/drallgood/audiobookshelf-hardcover-sync/internal/api/handlers_new.go:266.16,270.3 3 0
github.com/drallgood/audiobookshelf-hardcover-sync/internal/api/handlers_new.go:272.2,272.60 1 0
github.com/drallgood/audiobookshelf-hardcover-sync/internal/api/handlers_new.go:276.79,278.21 2 0
github.com/drallgood/audiobookshelf-hardcover-sync/internal/api/handlers_new.go:278.21,281.3 2 0
github.com/drallgood/audiobookshelf-hardcover-sync/internal/api/handlers_new.go:283.2,284.61 2 0
github.com/drallgood/audiobookshelf-hardcover-sync/internal/api/handlers_new.go:284.61,287.3 2 0
github.com/drallgood/audiobookshelf-hardcover-sync/internal/api/handlers_new.go:290.2,290.94 1 0
github.com/drallgood/audiobookshelf-hardcover-sync/internal/api/handlers_new.go:290.94,300.21 2 0
github.com/drallgood/audiobookshelf-hardcover-sync/internal/api/handlers_new.go:300.21,303.4 2 0
github.com/drallgood/audiobookshelf-hardcover-sync/internal/api/handlers_new.go:307.2,308.42 2 0
github.com/drallgood/audiobookshelf-hardcover-sync/internal/api/handlers_new.go:308.42,312.3 3 0
github.com/drallgood/audiobookshelf-hardcover-sync/internal/api/handlers_new.go:315.2,316.31 2 0
github.com/drallgood/audiobookshelf-hardcover-sync/internal/api/handlers_new.go:316.31,318.3 1 0
github.com/drallgood/audiobookshelf-hardcover-sync/internal/api/handlers_new.go:320.2,321.26 2 0
github.com/drallgood/audiobookshelf-hardcover-sync/internal/api/handlers_new.go:321.26,323.3 1 0
github.com/drallgood/audiobookshelf-hardcover-sync/internal/api/handlers_new.go:326.2,332.16 1 0
github.com/drallgood/audiobookshelf-hardcover-sync/internal/api/handlers_new.go:332.16,336.3 3 0
github.com/drallgood/audiobookshelf-hardcover-sync/internal/api/handlers_new.go:339.2,340.16 2 0
github.com/drallgood/audiobookshelf-hardcover-sync/internal/api/handlers_new.go:340.16,344.3 3 0
github.com/drallgood/audiobookshelf-hardcover-sync/internal/api/handlers_new.go:346.2,346.60 1 0
github.com/drallgood/audiobookshelf-hardcover-sync/internal/api/handlers_new.go:350.73,352.21 2 0
github.com/drallgood/audiobookshelf-hardcover-sync/internal/api/handlers_new.go:352.21,355.3 2 0
github.com/drallgood/audiobookshelf-hardcover-sync/internal/api/handlers_new.go:358.2,359.16 2 0
github.com/drallgood/audiobookshelf-hardcover-sync/internal/api/handlers_new.go:359.16,363.3 3 0
github.com/drallgood/audiobookshelf-hardcover-sync/internal/api/handlers_new.go:366.2,366.68 1 0
github.com/drallgood/audiobookshelf-hardcover-sync/internal/api/handlers_new.go:366.68,370.3 3 0
github.com/drallgood/audiobookshelf-hardcover-sync/internal/api/handlers_new.go:372.2,372.32 1 0
github.com/drallgood/audiobookshelf-hardcover-sync/internal/api/handlers_new.go:376.76,378.21 2 0
github.com/drallgood/audiobookshelf-hardcover-sync/internal/api/handlers_new.go:378.21,381.3 2 0
github.com/drallgood/audiobookshelf-hardcover-sync/internal/api/handlers_new.go:383.2,384.35 2 0
github.com/drallgood/audiobookshelf-hardcover-sync/internal/api/handlers_new.go:388.81,390.16 2 0
github.com/drallgood/audiobookshelf-hardcover-sync/internal/api/handlers_new.go:390.16,394.3 3 0
github.com/drallgood/audiobookshelf-hardcover-sync/internal/api/handlers_new.go:396.2,396.37 1 0
github.com/drallgood/audiobookshelf-hardcover-sync/internal/api/handlers_new.go:400.69,402.21 2 0
github.com/drallgood/audiobookshelf-hardcover-sync/internal/api/handlers_new.go:402.21,405.3 2 0
github.com/drallgood/audiobookshelf-hardcover-sync/internal/api/handlers_new.go:408.2,408.12 1 0
github.com/drallgood/audiobookshelf-hardcover-sync/internal/api/handlers_new.go:408.12,409.65 1 0
github.com/drallgood/audiobookshelf-hardcover-sync/internal/api/handlers_new.go:409.65,411.4 1 0
github.com/drallgood/audiobookshelf-hardcover-sync/internal/api/handlers_new.go:414.2,416.4 1 0
github.com/drallgood/audiobookshelf-hardcover-sync/internal/api/handlers_new.go:420.70,422.21 2 0
github.com/drallgood/audiobookshelf-hardcover-sync/internal/api/handlers_new.go:422.21,425.3 2 0
github.com/drallgood/audiobookshelf-hardcover-sync/internal/api/handlers_new.go:427.2,427.65 1 0
github.com/drallgood/audiobookshelf-hardcover-sync/internal/api/handlers_new.go:427.65,431.3 3 0
github.com/drallgood/audiobookshelf-hardcover-sync/internal/api/handlers_new.go:433.2,435.4 1 0
github.com/drallgood/audiobookshelf-hardcover-sync/internal/api/handlers_new.go:441.76,443.21 2 0
github.com/drallgood/audiobookshelf-hardcover-sync/internal/api/handlers_new.go:443.21,446.3 2 0
github.com/drallgood/audiobookshelf-hardcover-sync/internal/api/handlers_new.go:449.2,450.16 2 0
github.com/drallgood/audiobookshelf-hardcover-sync/internal/api/handlers_new.go:450.16,454.3 3 0
github.com/drallgood/audiobookshelf-hardcover-sync/internal/api/handlers_new.go:457.2,458.16 2 0
github.com/drallgood/audiobookshelf-hardcover-sync/internal/api/handlers_new.go:458.16,462.3 3 0
github.com/drallgood/audiobookshelf-hardcover-sync/internal/api/handlers_new.go:464.2,477.4 2 0
github.com/drallgood/audiobookshelf-hardcover-sync/internal/api/handlers_new.go:482.56,484.29 2 0
github.com/drallgood/audiobookshelf-hardcover-sync/internal/api/handlers_new.go:484.29,485.45 1 0
github.com/drallgood/audiobookshelf-hardcover-sync/internal/api/handlers_new.go:485.45,487.4 1 0
github.com/drallgood/audiobookshelf-hardcover-sync/internal/api/handlers_new.go:489.2,489.11 1 0
github.com/drallgood/audiobookshelf-hardcover-sync/internal/api/handlers_new.go:492.70,494.29 2 0
github.com/drallgood/audiobookshelf-hardcover-sync/internal/api/handlers_new.go:494.29,495.71 1 0
github.com/drallgood/audiobookshelf-hardcover-sync/internal/api/handlers_new.go:495.71,497.4 1 0
github.com/drallgood/audiobookshelf-hardcover-sync/internal/api/handlers_new.go:499.2,499.11 1 0
github.com/drallgood/audiobookshelf-hardcover-sync/internal/api/handlers_new.go:502.70,504.29 2 0
github.com/drallgood/audiobookshelf-hardcover-sync/internal/api/handlers_new.go:504.29,505.71 1 0
github.com/drallgood/audiobookshelf-hardcover-sync/internal/api/handlers_new.go:505.71,507.4 1 0
github.com/drallgood/audiobookshelf-hardcover-sync/internal/api/handlers_new.go:509.2,509.11 1 0
github.com/drallgood/audiobookshelf-hardcover-sync/internal/api/handlers_new.go:512.68,514.29 2 0
github.com/drallgood/audiobookshelf-hardcover-sync/internal/api/handlers_new.go:514.29,515.69 1 0
github.com/drallgood/audiobookshelf-hardcover-sync/internal/api/handlers_new.go:515.69,517.4 1 0
github.com/drallgood/audiobookshelf-hardcover-sync/internal/api/handlers_new.go:519.2,519.11 1 0
github.com/drallgood/audiobookshelf-hardcover-sync/internal/api/handlers_new.go:522.69,524.29 2 0
github.com/drallgood/audiobookshelf-hardcover-sync/internal/api/handlers_new.go:524.29,525.70 1 0
github.com/drallgood/audiobookshelf-hardcover-sync/internal/api/handlers_new.go:525.70,527.4 1 0
github.com/drallgood/audiobookshelf-hardcover-sync/internal/api/handlers_new.go:529.2,529.11 1 0
github.com/drallgood/audiobookshelf-hardcover-sync/internal/api/handlers_new.go:534.77,539.2 1 0
github.com/drallgood/audiobookshelf-hardcover-sync/internal/api/handlers_new.go:542.74,545.21 2 0
github.com/drallgood/audiobookshelf-hardcover-sync/internal/api/handlers_new.go:545.21,548.3 2 0
github.com/drallgood/audiobookshelf-hardcover-sync/internal/api/handlers_new.go:550.2,554.30 3 0
github.com/drallgood/audiobookshelf-hardcover-sync/internal/api/handlers_new.go:554.30,557.3 1 0
github.com/drallgood/audiobookshelf-hardcover-sync/internal/api/handlers_new.go:557.8,560.46 2 0
github.com/drallgood/audiobookshelf-hardcover-sync/internal/api/handlers_new.go:560.46,574.4 2 0
github.com/drallgood/audiobookshelf-hardcover-sync/internal/api/handlers_new.go:578.2,578.20 1 0
github.com/drallgood/audiobookshelf-hardcover-sync/internal/api/handlers_new.go:578.20,585.3 1 0
github.com/drallgood/audiobookshelf-hardcover-sync/internal/api/handlers_new.go:587.2,618.45 5 0
github.com/drallgood/audiobookshelf-hardcover-sync/internal/api/handlers_new.go:618.45,623.3 1 0
github.com/drallgood/audiobookshelf-hardcover-sync/internal/api/handlers_new.go:625.2,662.16 9 0
github.com/drallgood/audiobookshelf-hardcover-sync/internal/api/handlers_new.go:662.16,666.3 1 0
github.com/drallgood/audiobookshelf-hardcover-sync/internal/api/handlers_new.go:666.8,668.3 1 0
github.com/drallgood/audiobookshelf-hardcover-sync/internal/api/handlers_new.go:670.2,670.37 1 0
github.com/drallgood/audiobookshelf-hardcover-sync/internal/api/handlers_new.go:673.75,680.60 5 0
github.com/drallgood/audiobookshelf-hardcover-sync/internal/api/handlers_new.go:680.60,682.3 1 0
github.com/drallgood/audiobookshelf-hardcover-sync/internal/api/handlers_new.go:683.2,683.63 1 0
github.com/drallgood/audiobookshelf-hardcover-sync/internal/api/handlers_new.go:683.63,685.3 1 0
github.com/drallgood/audiobookshelf-hardcover-sync/internal/api/handlers_new.go:686.2,686.69 1 0
github.com/drallgood/audiobookshelf-hardcover-sync/internal/api/handlers_new.go:686.69,689.17 2 0
github.com/drallgood/audiobookshelf-hardcover-sync/internal/api/handlers_new.go:689.17,696.4 3 0
github.com/drallgood/audiobookshelf-hardcover-sync/internal/api/handlers_new.go:698.3,704.9 2 0
github.com/drallgood/audiobookshelf-hardcover-sync/internal/api/handlers_new.go:707.2,708.16 2 0
github.com/drallgood/audiobookshelf-hardcover-sync/internal/api/handlers_new.go:708.16,715.3 3 0
github.com/drallgood/audiobookshelf-hardcover-sync/internal/api/handlers_new.go:717.2,723.4 1 0
github.com/drallgood/audiobookshelf-hardcover-sync/internal/api/handlers_new.go:727.74,730.21 3 0
github.com/drallgood/audiobookshelf-hardcover-sync/internal/api/handlers_new.go:730.21,733.3 2 0
github.com/drallgood/audiobookshelf-hardcover-sync/internal/api/handlers_new.go:734.2,738.16 4 0
github.com/drallgood/audiobookshelf-hardcover-sync/internal/api/handlers_new.go:738.16,746.3 3 0
github.com/drallgood/audiobookshelf-hardcover-sync/internal/api/handlers_new.go:748.2,748.16 1 0
github.com/drallgood/audiobookshelf-hardcover-sync/internal/api/handlers_new.go:748.16,751.3 2 0
github.com/drallgood/audiobookshelf-hardcover-sync/internal/api/handlers_new.go:753.2,753.32 1 0
github.com/drallgood/audiobookshelf-hardcover-sync/internal/api/library.go:29.100,34.2 1 0
github.com/drallgood/audiobookshelf-hardcover-sync/internal/api/library.go:78.73,96.31 2 0
github.com/drallgood/audiobookshelf-hardcover-sync/internal/api/library.go:96.31,110.3 13 0
github.com/drallgood/audiobookshelf-hardcover-sync/internal/api/library.go:113.2,113.24 1 0
github.com/drallgood/audiobookshelf-hardcover-sync/internal/api/library.go:113.24,115.3 1 0
github.com/drallgood/audiobookshelf-hardcover-sync/internal/api/library.go:118.2,118.25 1 0
github.com/drallgood/audiobookshelf-hardcover-sync/internal/api/library.go:118.25,121.3 2 0
github.com/drallgood/audiobookshelf-hardcover-sync/internal/api/library.go:123.2,123.13 1 0
github.com/drallgood/audiobookshelf-hardcover-sync/internal/api/library.go:127.80,132.21 4 0
github.com/drallgood/audiobookshelf-hardcover-sync/internal/api/library.go:132.21,139.3 3 0
github.com/drallgood/audiobookshelf-hardcover-sync/internal/api/library.go:142.2,143.45 2 0
github.com/drallgood/audiobookshelf-hardcover-sync/internal/api/library.go:143.45,144.63 1 0
github.com/drallgood/audiobookshelf-hardcover-sync/internal/api/library.go:144.63,146.4 1 0
github.com/drallgood/audiobookshelf-hardcover-sync/internal/api/library.go:149.2,150.46 2 0
github.com/drallgood/audiobookshelf-hardcover-sync/internal/api/library.go:150.46,151.81 1 0
github.com/drallgood/audiobookshelf-hardcover-sync/internal/api/library.go:151.81,153.4 1 0
github.com/drallgood/audiobookshelf-hardcover-sync/internal/api/library.go:156.2,170.16 4 0
github.com/drallgood/audiobookshelf-hardcover-sync/internal/api/library.go:170.16,180.3 4 0
github.com/drallgood/audiobookshelf-hardcover-sync/internal/api/library.go:182.2,186.35 3 0
github.com/drallgood/audiobookshelf-hardcover-sync/internal/api/library.go:186.35,188.3 1 0
github.com/drallgood/audiobookshelf-hardcover-sync/internal/api/library.go:191.2,192.88 2 0
github.com/drallgood/audiobookshelf-hardcover-sync/internal/api/library.go:192.88,194.3 1 0
github.com/drallgood/audiobookshelf-hardcover-sync/internal/api/library.go:196.2,209.4 2 0
github.com/drallgood/audiobookshelf-hardcover-sync/internal/api/library.go:213.79,220.43 5 0
github.com/drallgood/audiobookshelf-hardcover-sync/internal/api/library.go:220.43,227.3 3 0
github.com/drallgood/audiobookshelf-hardcover-sync/internal/api/library.go:230.2,231.72 2 0
github.com/drallgood/audiobookshelf-hardcover-sync/internal/api/library.go:231.72,233.3 1 0
github.com/drallgood/audiobookshelf-hardcover-sync/internal/api/library.go:236.2,237.16 2 0
github.com/drallgood/audiobookshelf-hardcover-sync/internal/api/library.go:237.16,247.3 4 0
github.com/drallgood/audiobookshelf-hardcover-sync/internal/api/library.go:249.2,253.4 2 0
github.com/drallgood/audiobookshelf-hardcover-sync/internal/api/library.go:257.80,264.43 5 0
github.com/drallgood/audiobookshelf-hardcover-sync/internal/api/library.go:264.43,271.3 3 0
github.com/drallgood/audiobookshelf-hardcover-sync/internal/api/library.go:273.2,280.34 3 0
github.com/drallgood/audiobookshelf-hardcover-sync/internal/api/library.go:280.34,287.3 3 0
github.com/drallgood/audiobookshelf-hardcover-sync/internal/api/library.go:290.2,291.65 2 0
github.com/drallgood/audiobookshelf-hardcover-sync/internal/api/library.go:291.65,298.3 3 0
github.com/drallgood/audiobookshelf-hardcover-sync/internal/api/library.go:301.2,302.16 2 0
github.com/drallgood/audiobookshelf-hardcover-sync/internal/api/library.go:302.16,310.3 4 0
github.com/drallgood/audiobookshelf-hardcover-sync/internal/api/library.go:312.2,316.51 3 0
github.com/drallgood/audiobookshelf-hardcover-sync/internal/api/library.go:316.51,318.3 1 0
github.com/drallgood/audiobookshelf-hardcover-sync/internal/api/library.go:318.8,318.34 1 0
github.com/drallgood/audiobookshelf-hardcover-sync/internal/api/library.go:318.34,320.3 1 0
github.com/drallgood/audiobookshelf-hardcover-sync/internal/api/library.go:320.8,322.3 1 0
github.com/drallgood/audiobookshelf-hardcover-sync/internal/api/library.go:325.2,326.16 2 0
github.com/drallgood/audiobookshelf-hardcover-sync/internal/api/library.go:326.16,338.3 4 0
github.com/drallgood/audiobookshelf-hardcover-sync/internal/api/library.go:341.2,342.22 2 0
github.com/drallgood/audiobookshelf-hardcover-sync/internal/api/library.go:343.17,344.15 1 0
github.com/drallgood/audiobookshelf-hardcover-sync/internal/api/library.go:345.14,346.15 1 0
github.com/drallgood/audiobookshelf-hardcover-sync/internal/api/library.go:349.2,350.33 2 0
github.com/drallgood/audiobookshelf-hardcover-sync/internal/api/library.go:350.33,355.73 5 0
github.com/drallgood/audiobookshelf-hardcover-sync/internal/api/library.go:355.73,360.4 1 0
github.com/drallgood/audiobookshelf-hardcover-sync/internal/api/library.go:363.2,381.4 3 0
github.com/drallgood/audiobookshelf-hardcover-sync/internal/api/library.go:385.81,390.21 4 0
github.com/drallgood/audiobookshelf-hardcover-sync/internal/api/library.go:390.21,397.3 3 0
github.com/drallgood/audiobookshelf-hardcover-sync/internal/api/library.go:399.2,409.89 3 0
github.com/drallgood/audiobookshelf-hardcover-sync/internal/api/library.go:409.89,416.3 3 0
github.com/drallgood/audiobookshelf-hardcover-sync/internal/api/library.go:419.2,419.28 1 0
github.com/drallgood/audiobookshelf-hardcover-sync/internal/api/library.go:419.28,421.3 1 0
github.com/drallgood/audiobookshelf-hardcover-sync/internal/api/library.go:424.2,425.16 2 0
github.com/drallgood/audiobookshelf-hardcover-sync/internal/api/library.go:425.16,433.3 4 0
github.com/drallgood/audiobookshelf-hardcover-sync/internal/api/library.go:435.2,439.102 3 0
github.com/drallgood/audiobookshelf-hardcover-sync/internal/api/library.go:439.102,441.17 2 0
github.com/drallgood/audiobookshelf-hardcover-sync/internal/api/library.go:441.17,449.4 4 0
github.com/drallgood/audiobookshelf-hardcover-sync/internal/api/library.go:451.3,452.17 2 0
github.com/drallgood/audiobookshelf-hardcover-sync/internal/api/library.go:452.17,460.4 4 0
github.com/drallgood/audiobookshelf-hardcover-sync/internal/api/library.go:463.3,464.53 2 0
github.com/drallgood/audiobookshelf-hardcover-sync/internal/api/library.go:464.53,466.4 1 0
github.com/drallgood/audiobookshelf-hardcover-sync/internal/api/library.go:469.3,469.35 1 0
github.com/drallgood/audiobookshelf-hardcover-sync/internal/api/library.go:469.35,470.27 1 0
github.com/drallgood/audiobookshelf-hardcover-sync/internal/api/library.go:470.27,471.40 1 0
github.com/drallgood/audiobookshelf-hardcover-sync/internal/api/library.go:471.40,473.6 1 0
github.com/drallgood/audiobookshelf-hardcover-sync/internal/api/library.go:477.3,480.5 1 0
github.com/drallgood/audiobookshelf-hardcover-sync/internal/api/library.go:484.2,486.30 2 0
github.com/drallgood/audiobookshelf-hardcover-sync/internal/api/library.go:486.30,488.42 1 0
github.com/drallgood/audiobookshelf-hardcover-sync/internal/api/library.go:488.42,490.33 2 0
github.com/drallgood/audiobookshelf-hardcover-sync/internal/api/library.go:490.33,492.5 1 0
github.com/drallgood/audiobookshelf-hardcover-sync/internal/api/library.go:494.8,497.17 2 0
github.com/drallgood/audiobookshelf-hardcover-sync/internal/api/library.go:497.17,504.4 3 0
github.com/drallgood/audiobookshelf-hardcover-sync/internal/api/library.go:507.3,507.33 1 0
github.com/drallgood/audiobookshelf-hardcover-sync/internal/api/library.go:507.33,510.28 2 0
github.com/drallgood/audiobookshelf-hardcover-sync/internal/api/library.go:511.44,513.54 1 0
github.com/drallgood/audiobookshelf-hardcover-sync/internal/api/library.go:513.54,515.104 2 0
github.com/drallgood/audiobookshelf-hardcover-sync/internal/api/library.go:515.104,517.7 1 0
github.com/drallgood/audiobookshelf-hardcover-sync/internal/api/library.go:519.38,521.54 1 0
github.com/drallgood/audiobookshelf-hardcover-sync/internal/api/library.go:521.54,523.6 1 0
github.com/drallgood/audiobookshelf-hardcover-sync/internal/api/library.go:524.46,526.54 1 0
github.com/drallgood/audiobookshelf-hardcover-sync/internal/api/library.go:526.54,528.39 1 0
github.com/drallgood/audiobookshelf-hardcover-sync/internal/api/library.go:528.39,530.7 1 0
github.com/drallgood/audiobookshelf-hardcover-sync/internal/api/library.go:536.2,547.35 5 0
github.com/drallgood/audiobookshelf-hardcover-sync/internal/api/library.go:547.35,549.52 2 0
github.com/drallgood/audiobookshelf-hardcover-sync/internal/api/library.go:549.52,550.12 1 0
github.com/drallgood/audiobookshelf-hardcover-sync/internal/api/library.go:554.3,563.46 3 0
github.com/drallgood/audiobookshelf-hardcover-sync/internal/api/library.go:563.46,565.4 1 0
github.com/drallgood/audiobookshelf-hardcover-sync/internal/api/library.go:565.9,565.32 1 0
github.com/drallgood/audiobookshelf-hardcover-sync/internal/api/library.go:565.32,567.4 1 0
github.com/drallgood/audiobookshelf-hardcover-sync/internal/api/library.go:567.9,569.4 1 0
github.com/drallgood/audiobookshelf-hardcover-sync/internal/api/library.go:572.3,573.17 2 0
github.com/drallgood/audiobookshelf-hardcover-sync/internal/api/library.go:573.17,585.12 4 0
github.com/drallgood/audiobookshelf-hardcover-sync/internal/api/library.go:589.3,590.23 2 0
github.com/drallgood/audiobookshelf-hardcover-sync/internal/api/library.go:591.18,592.16 1 0
github.com/drallgood/audiobookshelf-hardcover-sync/internal/api/library.go:593.15,594.16 1 0
github.com/drallgood/audiobookshelf-hardcover-sync/internal/api/library.go:597.3,598.34 2 0
github.com/drallgood/audiobookshelf-hardcover-sync/internal/api/library.go:598.34,604.86 6 0
github.com/drallgood/audiobookshelf-hardcover-sync/internal/api/library.go:604.86,610.5 1 0
github.com/drallgood/audiobookshelf-hardcover-sync/internal/api/library.go:610.10,613.46 2 0
github.com/drallgood/audiobookshelf-hardcover-sync/internal/api/library.go:613.46,619.6 1 0
github.com/drallgood/audiobookshelf-hardcover-sync/internal/api/library.go:619.11,629.6 1 0
github.com/drallgood/audiobookshelf-hardcover-sync/internal/api/library.go:633.3,639.5 2 0
github.com/drallgood/audiobookshelf-hardcover-sync/internal/api/library.go:642.2,657.4 3 0
github.com/drallgood/audiobookshelf-hardcover-sync/internal/api/library.go:661.112,664.39 2 0
github.com/drallgood/audiobookshelf-hardcover-sync/internal/api/library.go:664.39,666.3 1 0
github.com/drallgood/audiobookshelf-hardcover-sync/internal/api/library.go:666.8,666.29 1 0
github.com/drallgood/audiobookshelf-hardcover-sync/internal/api/library.go:666.29,668.3 1 0
github.com/drallgood/audiobookshelf-hardcover-sync/internal/api/library.go:668.8,670.3 1 0
github.com/drallgood/audiobookshelf-hardcover-sync/internal/api/library.go:673.2,673.33 1 0
github.com/drallgood/audiobookshelf-hardcover-sync/internal/api/library.go:673.33,675.3 1 0
github.com/drallgood/audiobookshelf-hardcover-sync/internal/api/library.go:678.2,678.26 1 0
github.com/drallgood/audiobookshelf-hardcover-sync/internal/api/library.go:678.26,680.15 2 0
github.com/drallgood/audiobookshelf-hardcover-sync/internal/api/library.go:680.15,682.4 1 0
github.com/drallgood/audiobookshelf-hardcover-sync/internal/api/library.go:683.3,683.18 1 0
github.com/drallgood/audiobookshelf-hardcover-sync/internal/api/library.go:683.18,685.4 1 0
github.com/drallgood/audiobookshelf-hardcover-sync/internal/api/library.go:688.2,688.14 1 0
github.com/drallgood/audiobookshelf-hardcover-sync/internal/api/library.go:692.87,697.21 4 0
github.com/drallgood/audiobookshelf-hardcover-sync/internal/api/library.go:697.21,704.3 3 0
github.com/drallgood/audiobookshelf-hardcover-sync/internal/api/library.go:707.2,708.16 2 0
github.com/drallgood/audiobookshelf-hardcover-sync/internal/api/library.go:708.16,716.3 4 0
github.com/drallgood/audiobookshelf-hardcover-sync/internal/api/library.go:718.2,719.16 2 0
github.com/drallgood/audiobookshelf-hardcover-sync/internal/api/library.go:719.16,727.3 4 0
github.com/drallgood/audiobookshelf-hardcover-sync/internal/api/library.go:729.2,735.4 2 0
github.com/drallgood/audiobookshelf-hardcover-sync/internal/api/library.go:739.89,744.21 4 0
github.com/drallgood/audiobookshelf-hardcover-sync/internal/api/library.go:744.21,751.3 3 0
github.com/drallgood/audiobookshelf-hardcover-sync/internal/api/library.go:754.2,755.16 2 0
github.com/drallgood/audiobookshelf-hardcover-sync/internal/api/library.go:755.16,763.3 4 0
github.com/drallgood/audiobookshelf-hardcover-sync/internal/api/library.go:765.2,766.16 2 0
github.com/drallgood/audiobookshelf-hardcover-sync/internal/api/library.go:766.16,774.3 4 0
github.com/drallgood/audiobookshelf-hardcover-sync/internal/api/library.go:776.2,782.4 2 0
github.com/drallgood/audiobookshelf-hardcover-sync/internal/api/library.go:786.87,791.21 4 0
github.com/drallgood/audiobookshelf-hardcover-sync/internal/api/library.go:791.21,798.3 3 0
github.com/drallgood/audiobookshelf-hardcover-sync/internal/api/library.go:800.2,805.33 2 0
github.com/drallgood/audiobookshelf-hardcover-sync/internal/api/library.go:805.33,812.3 3 0
github.com/drallgood/audiobookshelf-hardcover-sync/internal/api/library.go:815.2,816.16 2 0
github.com/drallgood/audiobookshelf-hardcover-sync/internal/api/library.go:816.16,827.3 4 0
github.com/drallgood/audiobookshelf-hardcover-sync/internal/api/library.go:830.2,832.16 3 0
github.com/drallgood/audiobookshelf-hardcover-sync/internal/api/library.go:832.16,843.3 4 0
github.com/drallgood/audiobookshelf-hardcover-sync/internal/api/library.go:845.2,860.4 3 0
github.com/drallgood/audiobookshelf-hardcover-sync/internal/api/library.go:864.86,869.21 4 0
github.com/drallgood/audiobookshelf-hardcover-sync/internal/api/library.go:869.21,876.3 3 0
github.com/drallgood/audiobookshelf-hardcover-sync/internal/api/library.go:878.2,883.33 2 0
github.com/drallgood/audiobookshelf-hardcover-sync/internal/api/library.go:883.33,890.3 3 0
github.com/drallgood/audiobookshelf-hardcover-sync/internal/api/library.go:893.2,894.16 2 0
github.com/drallgood/audiobookshelf-hardcover-sync/internal/api/library.go:894.16,905.3 4 0
github.com/drallgood/audiobookshelf-hardcover-sync/internal/api/library.go:908.2,910.16 3 0
github.com/drallgood/audiobookshelf-hardcover-sync/internal/api/library.go:910.16,921.3 4 0
github.com/drallgood/audiobookshelf-hardcover-sync/internal/api/library.go:923.2,931.16 4 0
github.com/drallgood/audiobookshelf-hardcover-sync/internal/api/library.go:931.16,932.69 1 0
github.com/drallgood/audiobookshelf-hardcover-sync/internal/api/library.go:932.69,937.4 1 0
github.com/drallgood/audiobookshelf-hardcover-sync/internal/api/library.go:937.9,941.4 1 0
github.com/drallgood/audiobookshelf-hardcover-sync/internal/api/library.go:944.2,955.4 2 0
github.com/drallgood/audiobookshelf-hardcover-sync/internal/api/library.go:959.90,966.43 5 0
github.com/drallgood/audiobookshelf-hardcover-sync/internal/api/library.go:966.43,973.3 3 0
github.com/drallgood/audiobookshelf-hardcover-sync/internal/api/library.go:976.2,977.72 2 0
github.com/drallgood/audiobookshelf-hardcover-sync/internal/api/library.go:977.72,979.3 1 0
github.com/drallgood/audiobookshelf-hardcover-sync/internal/api/library.go:981.2,982.45 2 0
github.com/drallgood/audiobookshelf-hardcover-sync/internal/api/library.go:982.45,983.63 1 0
github.com/drallgood/audiobookshelf-hardcover-sync/internal/api/library.go:983.63,985.4 1 0
github.com/drallgood/audiobookshelf-hardcover-sync/internal/api/library.go:988.2,992.16 4 0
github.com/drallgood/audiobookshelf-hardcover-sync/internal/api/library.go:992.16,1002.3 4 0
github.com/drallgood/audiobookshelf-hardcover-sync/internal/api/library.go:1004.2,1020.4 4 0
github.com/drallgood/audiobookshelf-hardcover-sync/internal/api/library.go:1024.85,1029.21 4 0
github.com/drallgood/audiobookshelf-hardcover-sync/internal/api/library.go:1029.21,1036.3 3 0
github.com/drallgood/audiobookshelf-hardcover-sync/internal/api/library.go:1039.2,1041.60 3 0
github.com/drallgood/audiobookshelf-hardcover-sync/internal/api/library.go:1041.60,1042.60 1 0
github.com/drallgood/audiobookshelf-hardcover-sync/internal/api/library.go:1042.60,1044.4 1 0
github.com/drallgood/audiobookshelf-hardcover-sync/internal/api/library.go:1046.2,1046.63 1 0
github.com/drallgood/audiobookshelf-hardcover-sync/internal/api/library.go:1046.63,1047.62 1 0
github.com/drallgood/audiobookshelf-hardcover-sync/internal/api/library.go:1047.62,1049.4 1 0
github.com/drallgood/audiobookshelf-hardcover-sync/internal/api/library.go:1052.2,1053.16 2 0
github.com/drallgood/audiobookshelf-hardcover-sync/internal/api/library.go:1053.16,1063.3 4 0
github.com/drallgood/audiobookshelf-hardcover-sync/internal/api/library.go:1065.2,1074.4 2 0
github.com/drallgood/audiobookshelf-hardcover-sync/internal/api/library.go:1078.86,1083.21 4 0
github.com/drallgood/audiobookshelf-hardcover-sync/internal/api/library.go:1083.21,1090.3 3 0
github.com/drallgood/audiobookshelf-hardcover-sync/internal/api/library.go:1092.2,1093.16 2 0
github.com/drallgood/audiobookshelf-hardcover-sync/internal/api/library.go:1093.16,1103.3 4 0
github.com/drallgood/audiobookshelf-hardcover-sync/internal/api/library.go:1105.2,1109.4 2 0
github.com/drallgood/audiobookshelf-hardcover-sync/internal/api/library.go:1113.86,1118.21 4 0
github.com/drallgood/audiobookshelf-hardcover-sync/internal/api/library.go:1118.21,1125.3 3 0
github.com/drallgood/audiobookshelf-hardcover-sync/internal/api/library.go:1127.2,1132.33 2 0
github.com/drallgood/audiobookshelf-hardcover-sync/internal/api/library.go:1132.33,1139.3 3 0
github.com/drallgood/audiobookshelf-hardcover-sync/internal/api/library.go:1142.2,1143.16 2 0
github.com/drallgood/audiobookshelf-hardcover-sync/internal/api/library.go:1143.16,1154.3 4 0
github.com/drallgood/audiobookshelf-hardcover-sync/internal/api/library.go:1157.2,1158.65 2 0
github.com/drallgood/audiobookshelf-hardcover-sync/internal/api/library.go:1158.65,1169.3 4 0
github.com/drallgood/audiobookshelf-hardcover-sync/internal/api/library.go:1171.2,1181.4 3 0
github.com/drallgood/audiobookshelf-hardcover-sync/internal/api/library.go:1185.89,1192.43 5 0
github.com/drallgood/audiobookshelf-hardcover-sync/internal/api/library.go:1192.43,1199.3 3 0
github.com/drallgood/audiobookshelf-hardcover-sync/internal/api/library.go:1201.2,1212.4 3 0
github.com/drallgood/audiobookshelf-hardcover-sync/internal/api/library.go:1216.89,1223.43 5 0
github.com/drallgood/audiobookshelf-hardcover-sync/internal/api/library.go:1223.43,1230.3 3 0
github.com/drallgood/audiobookshelf-hardcover-sync/internal/api/library.go:1232.2,1243.4 3 0
github.com/drallgood/audiobookshelf-hardcover-sync/internal/api/library.go:1247.83,1254.40 5 0
github.com/drallgood/audiobookshelf-hardcover-sync/internal/api/library.go:1254.40,1261.3 3 0
github.com/drallgood/audiobookshelf-hardcover-sync/internal/api/library.go:1263.2,1264.16 2 0
github.com/drallgood/audiobookshelf-hardcover-sync/internal/api/library.go:1264.16,1271.3 3 0
github.com/drallgood/audiobookshelf-hardcover-sync/internal/api/library.go:1274.2,1275.16 2 0
github.com/drallgood/audiobookshelf-hardcover-sync/internal/api/library.go:1275.16,1283.3 4 0
github.com/drallgood/audiobookshelf-hardcover-sync/internal/api/library.go:1286.2,1287.16 2 0
github.com/drallgood/audiobookshelf-hardcover-sync/internal/api/library.go:1287.16,1295.3 4 0
github.com/drallgood/audiobookshelf-hardcover-sync/internal/api/library.go:1297.2,1306.4 3 0
github.com/drallgood/audiobookshelf-hardcover-sync/internal/api/library.go:1315.85,1322.43 5 0
github.com/drallgood/audiobookshelf-hardcover-sync/internal/api/library.go:1322.43,1329.3 3 0
github.com/drallgood/audiobookshelf-hardcover-sync/internal/api/library.go:1331.2,1332.16 2 0
github.com/drallgood/audiobookshelf-hardcover-sync/internal/api/library.go:1332.16,1335.41 2 0
github.com/drallgood/audiobookshelf-hardcover-sync/internal/api/library.go:1335.41,1342.4 3 0
github.com/drallgood/audiobookshelf-hardcover-sync/internal/api/library.go:1343.3,1343.33 1 0
github.com/drallgood/audiobookshelf-hardcover-sync/internal/api/library.go:1346.2,1347.61 2 0
github.com/drallgood/audiobookshelf-hardcover-sync/internal/api/library.go:1347.61,1354.3 3 0
github.com/drallgood/audiobookshelf-hardcover-sync/internal/api/library.go:1357.2,1358.34 2 0
github.com/drallgood/audiobookshelf-hardcover-sync/internal/api/library.go:1358.34,1365.3 3 0
github.com/drallgood/audiobookshelf-hardcover-sync/internal/api/library.go:1368.2,1373.67 5 0
github.com/drallgood/audiobookshelf-hardcover-sync/internal/api/library.go:1373.67,1381.3 4 0
github.com/drallgood/audiobookshelf-hardcover-sync/internal/api/library.go:1384.2,1384.33 1 0
github.com/drallgood/audiobookshelf-hardcover-sync/internal/api/library.go:1384.33,1386.34 2 0
github.com/drallgood/audiobookshelf-hardcover-sync/internal/api/library.go:1386.34,1388.74 2 0
github.com/drallgood/audiobookshelf-hardcover-sync/internal/api/library.go:1388.74,1390.5 1 0
github.com/drallgood/audiobookshelf-hardcover-sync/internal/api/library.go:1394.2,1407.4 3 0
github.com/drallgood/audiobookshelf-hardcover-sync/internal/api/library.go:1426.87,1433.40 5 0
github.com/drallgood/audiobookshelf-hardcover-sync/internal/api/library.go:1433.40,1440.3 3 0
github.com/drallgood/audiobookshelf-hardcover-sync/internal/api/library.go:1443.2,1444.34 2 0
github.com/drallgood/audiobookshelf-hardcover-sync/internal/api/library.go:1444.34,1451.3 3 0
github.com/drallgood/audiobookshelf-hardcover-sync/internal/api/library.go:1454.2,1455.16 2 0
github.com/drallgood/audiobookshelf-hardcover-sync/internal/api/library.go:1455.16,1463.3 4 0
github.com/drallgood/audiobookshelf-hardcover-sync/internal/api/library.go:1465.2,1469.24 3 0
github.com/drallgood/audiobookshelf-hardcover-sync/internal/api/library.go:1469.24,1471.32 2 0
github.com/drallgood/audiobookshelf-hardcover-sync/internal/api/library.go:1471.32,1478.4 2 0
github.com/drallgood/audiobookshelf-hardcover-sync/internal/api/library.go:1482.2,1482.45 1 0
github.com/drallgood/audiobookshelf-hardcover-sync/internal/api/library.go:1482.45,1484.32 2 0
github.com/drallgood/audiobookshelf-hardcover-sync/internal/api/library.go:1484.32,1491.4 2 0
github.com/drallgood/audiobookshelf-hardcover-sync/internal/api/library.go:1495.2,1495.46 1 0
github.com/drallgood/audiobookshelf-hardcover-sync/internal/api/library.go:1495.46,1497.35 2 0
github.com/drallgood/audiobookshelf-hardcover-sync/internal/api/library.go:1497.35,1498.31 1 0
github.com/drallgood/audiobookshelf-hardcover-sync/internal/api/library.go:1498.31,1505.5 2 0
github.com/drallgood/audiobookshelf-hardcover-sync/internal/api/library.go:1509.2,1520.4 3 0
github.com/drallgood/audiobookshelf-hardcover-sync/internal/api/library.go:1524.94,1531.21 5 0
github.com/drallgood/audiobookshelf-hardcover-sync/internal/api/library.go:1531.21,1538.3 3 0
github.com/drallgood/audiobookshelf-hardcover-sync/internal/api/library.go:1540.2,1540.17 1 0
github.com/drallgood/audiobookshelf-hardcover-sync/internal/api/library.go:1540.17,1547.3 3 0
github.com/drallgood/audiobookshelf-hardcover-sync/internal/api/library.go:1550.2,1551.16 2 0
github.com/drallgood/audiobookshelf-hardcover-sync/internal/api/library.go:1551.16,1559.3 4 0
github.com/drallgood/audiobookshelf-hardcover-sync/internal/api/library.go:1561.2,1566.16 4 0
github.com/drallgood/audiobookshelf-hardcover-sync/internal/api/library.go:1566.16,1574.3 4 0
github.com/drallgood/audiobookshelf-hardcover-sync/internal/api/library.go:1576.2,1576.29 1 0
github.com/drallgood/audiobookshelf-hardcover-sync/internal/api/library.go:1576.29,1583.3 2 0
github.com/drallgood/audiobookshelf-hardcover-sync/internal/api/library.go:1585.2,1595.4 3 0
github.com/drallgood/audiobookshelf-hardcover-sync/internal/api/library.go:1605.87,1612.43 5 0
github.com/drallgood/audiobookshelf-hardcover-sync/internal/api/library.go:1612.43,1619.3 3 0
github.com/drallgood/audiobookshelf-hardcover-sync/internal/api/library.go:1621.2,1622.61 2 0
github.com/drallgood/audiobookshelf-hardcover-sync/internal/api/library.go:1622.61,1629.3 3 0
github.com/drallgood/audiobookshelf-hardcover-sync/internal/api/library.go:1631.2,1631.43 1 0
github.com/drallgood/audiobookshelf-hardcover-sync/internal/api/library.go:1631.43,1638.3 3 0
github.com/drallgood/audiobookshelf-hardcover-sync/internal/api/library.go:1641.2,1642.34 2 0
github.com/drallgood/audiobookshelf-hardcover-sync/internal/api/library.go:1642.34,1649.3 3 0
github.com/drallgood/audiobookshelf-hardcover-sync/internal/api/library.go:1652.2,1653.16 2 0
github.com/drallgood/audiobookshelf-hardcover-sync/internal/api/library.go:1653.16,1661.3 4 0
github.com/drallgood/audiobookshelf-hardcover-sync/internal/api/library.go:1663.2,1668.16 4 0
github.com/drallgood/audiobookshelf-hardcover-sync/internal/api/library.go:1668.16,1679.3 4 0
github.com/drallgood/audiobookshelf-hardcover-sync/internal/api/library.go:1682.2,1683.16 2 0
github.com/drallgood/audiobookshelf-hardcover-sync/internal/api/library.go:1683.16,1686.3 2 0
github.com/drallgood/audiobookshelf-hardcover-sync/internal/api/library.go:1689.2,1701.66 3 0
github.com/drallgood/audiobookshelf-hardcover-sync/internal/api/library.go:1701.66,1709.3 4 0
github.com/drallgood/audiobookshelf-hardcover-sync/internal/api/library.go:1712.2,1727.75 2 0
github.com/drallgood/audiobookshelf-hardcover-sync/internal/api/library.go:1727.75,1733.3 1 0
github.com/drallgood/audiobookshelf-hardcover-sync/internal/api/library.go:1735.2,1752.4 3 0
github.com/drallgood/audiobookshelf-hardcover-sync/internal/api/audnex/client.go:44.47,47.31 2 0
github.com/drallgood/audiobookshelf-hardcover-sync/internal/api/audnex/client.go:48.21,50.28 1 0
github.com/drallgood/audiobookshelf-hardcover-sync/internal/api/audnex/client.go:50.28,51.30 1 0
github.com/drallgood/audiobookshelf-hardcover-sync/internal/api/audnex/client.go:52.16,53.33 1 0
github.com/drallgood/audiobookshelf-hardcover-sync/internal/api/audnex/client.go:54.32,55.43 1 0
github.com/drallgood/audiobookshelf-hardcover-sync/internal/api/audnex/client.go:55.43,57.6 1 0
github.com/drallgood/audiobookshelf-hardcover-sync/internal/api/audnex/client.go:60.30,62.41 1 0
github.com/drallgood/audiobookshelf-hardcover-sync/internal/api/audnex/client.go:62.41,64.4 1 0
github.com/drallgood/audiobookshelf-hardcover-sync/internal/api/audnex/client.go:65.14,67.31 1 0
github.com/drallgood/audiobookshelf-hardcover-sync/internal/api/audnex/client.go:70.2,70.16 1 0
github.com/drallgood/audiobookshelf-hardcover-sync/internal/api/audnex/client.go:74.49,77.33 2 0
github.com/drallgood/audiobookshelf-hardcover-sync/internal/api/audnex/client.go:78.21,80.30 1 0
github.com/drallgood/audiobookshelf-hardcover-sync/internal/api/audnex/client.go:80.30,81.32 1 0
github.com/drallgood/audiobookshelf-hardcover-sync/internal/api/audnex/client.go:82.16,83.37 1 0
github.com/drallgood/audiobookshelf-hardcover-sync/internal/api/audnex/client.go:84.32,85.43 1 0
github.com/drallgood/audiobookshelf-hardcover-sync/internal/api/audnex/client.go:85.43,87.6 1 0
github.com/drallgood/audiobookshelf-hardcover-sync/internal/api/audnex/client.go:90.30,92.41 1 0
github.com/drallgood/audiobookshelf-hardcover-sync/internal/api/audnex/client.go:92.41,94.4 1 0
github.com/drallgood/audiobookshelf-hardcover-sync/internal/api/audnex/client.go:95.14,97.35 1 0
github.com/drallgood/audiobookshelf-hardcover-sync/internal/api/audnex/client.go:100.2,100.18 1 0
github.com/drallgood/audiobookshelf-hardcover-sync/internal/api/audnex/client.go:104.47,112.2 1 0
github.com/drallgood/audiobookshelf-hardcover-sync/internal/api/audnex/client.go:115.89,116.16 1 2
github.com/drallgood/audiobookshelf-hardcover-sync/internal/api/audnex/client.go:116.16,118.3 1 0
github.com/drallgood/audiobookshelf-hardcover-sync/internal/api/audnex/client.go:120.2,121.18 2 2
github.com/drallgood/audiobookshelf-hardcover-sync/internal/api/audnex/client.go:121.18,123.3 1 0
github.com/drallgood/audiobookshelf-hardcover-sync/internal/api/audnex/client.go:125.2,138.52 5 2
github.com/drallgood/audiobookshelf-hardcover-sync/internal/api/audnex/client.go:138.52,140.18 1 2
github.com/drallgood/audiobookshelf-hardcover-sync/internal/api/audnex/client.go:140.18,151.11 3 0
github.com/drallgood/audiobookshelf-hardcover-sync/internal/api/audnex/client.go:152.22,153.26 1 0
github.com/drallgood/audiobookshelf-hardcover-sync/internal/api/audnex/client.go:154.31,154.31 0 0
github.com/drallgood/audiobookshelf-hardcover-sync/internal/api/audnex/client.go:160.3,161.17 2 2
github.com/drallgood/audiobookshelf-hardcover-sync/internal/api/audnex/client.go:161.17,163.4 1 0
github.com/drallgood/audiobookshelf-hardcover-sync/internal/api/audnex/client.go:165.3,166.17 2 2
github.com/drallgood/audiobookshelf-hardcover-sync/internal/api/audnex/client.go:166.17,168.12 2 0
github.com/drallgood/audiobookshelf-hardcover-sync/internal/api/audnex/client.go:172.3,175.54 2 2
github.com/drallgood/audiobookshelf-hardcover-sync/internal/api/audnex/client.go:175.54,184.12 3 0
github.com/drallgood/audiobookshelf-hardcover-sync/internal/api/audnex/client.go:188.3,188.54 1 2
github.com/drallgood/audiobookshelf-hardcover-sync/internal/api/audnex/client.go:188.54,196.4 2 1
github.com/drallgood/audiobookshelf-hardcover-sync/internal/api/audnex/client.go:199.3,199.39 1 1
github.com/drallgood/audiobookshelf-hardcover-sync/internal/api/audnex/client.go:199.39,201.67 2 1
github.com/drallgood/audiobookshelf-hardcover-sync/internal/api/audnex/client.go:201.67,203.5 1 0
github.com/drallgood/audiobookshelf-hardcover-sync/internal/api/audnex/client.go:206.4,206.19 1 1
github.com/drallgood/audiobookshelf-hardcover-sync/internal/api/audnex/client.go:206.19,211.5 1 0
github.com/drallgood/audiobookshelf-hardcover-sync/internal/api/audnex/client.go:213.4,213.21 1 1
github.com/drallgood/audiobookshelf-hardcover-sync/internal/api/audnex/client.go:217.3,223.78 2 0
github.com/drallgood/audiobookshelf-hardcover-sync/internal/api/audnex/client.go:227.2,233.76 2 0
github.com/drallgood/audiobookshelf-hardcover-sync/internal/cache/cache.go:38.74,43.2 1 0
github.com/drallgood/audiobookshelf-hardcover-sync/internal/cache/cache.go:46.68,51.13 4 0
github.com/drallgood/audiobookshelf-hardcover-sync/internal/cache/cache.go:51.13,53.3 1 0
github.com/drallgood/audiobookshelf-hardcover-sync/internal/cache/cache.go:53.8,55.3 1 0
github.com/drallgood/audiobookshelf-hardcover-sync/internal/cache/cache.go:57.2,65.4 2 0
github.com/drallgood/audiobookshelf-hardcover-sync/internal/cache/cache.go:69.50,74.12 4 0
[...]
github.com/drallgood/audiobookshelf-hardcover-sync/internal/api/hardcover/client.go:2519.2,2519.21 1 3
github.com/drallgood/audiobookshelf-hardcover-sync/internal/api/hardcover/client.go:2519.21,2521.3 1 0
github.com/drallgood/audiobookshelf-hardcover-sync/internal/api/hardcover/client.go:2522.2,2554.30 5 3
github.com/drallgood/audiobookshelf-hardcover-sync/internal/api/hardcover/client.go:2554.30,2557.3 2 1
github.com/drallgood/audiobookshelf-hardcover-sync/internal/api/hardcover/client.go:2559.2,2581.79 4 3
github.com/drallgood/audiobookshelf-hardcover-sync/internal/api/hardcover/client.go:2581.79,2586.3 2 1
github.com/drallgood/audiobookshelf-hardcover-sync/internal/api/hardcover/client.go:2589.2,2594.66 2 2
github.com/drallgood/audiobookshelf-hardcover-sync/internal/api/hardcover/client.go:2594.66,2614.88 3 0
github.com/drallgood/audiobookshelf-hardcover-sync/internal/api/hardcover/client.go:2614.88,2619.4 2 0
github.com/drallgood/audiobookshelf-hardcover-sync/internal/api/hardcover/client.go:2621.3,2623.5 1 0
github.com/drallgood/audiobookshelf-hardcover-sync/internal/api/hardcover/client.go:2627.2,2627.38 1 2
github.com/drallgood/audiobookshelf-hardcover-sync/internal/api/hardcover/client.go:2627.38,2633.3 2 0
github.com/drallgood/audiobookshelf-hardcover-sync/internal/api/hardcover/client.go:2636.2,2637.48 2 2
github.com/drallgood/audiobookshelf-hardcover-sync/internal/api/hardcover/client.go:2637.48,2643.3 1 2
github.com/drallgood/audiobookshelf-hardcover-sync/internal/api/hardcover/client.go:2645.2,2651.21 2 2
github.com/drallgood/audiobookshelf-hardcover-sync/internal/api/hardcover/client.go:2655.102,2657.2 1 2
github.com/drallgood/audiobookshelf-hardcover-sync/internal/api/hardcover/client.go:2660.104,2662.2 1 1
github.com/drallgood/audiobookshelf-hardcover-sync/internal/api/hardcover/client.go:2665.108,2666.21 1 2
github.com/drallgood/audiobookshelf-hardcover-sync/internal/api/hardcover/client.go:2666.21,2668.3 1 0
github.com/drallgood/audiobookshelf-hardcover-sync/internal/api/hardcover/client.go:2669.2,2676.48 2 2
github.com/drallgood/audiobookshelf-hardcover-sync/internal/api/hardcover/client.go:2676.48,2678.3 1 0
github.com/drallgood/audiobookshelf-hardcover-sync/internal/api/hardcover/client.go:2682.2,2708.16 6 2
github.com/drallgood/audiobookshelf-hardcover-sync/internal/api/hardcover/client.go:2708.16,2713.3 2 0
github.com/drallgood/audiobookshelf-hardcover-sync/internal/api/hardcover/client.go:2716.2,2717.36 2 2
github.com/drallgood/audiobookshelf-hardcover-sync/internal/api/hardcover/client.go:2717.36,2722.3 1 1
github.com/drallgood/audiobookshelf-hardcover-sync/internal/api/hardcover/client.go:2724.2,2728.24 2 2
github.com/drallgood/audiobookshelf-hardcover-sync/internal/api/hardcover/client.go:2732.88,2733.21 1 2
github.com/drallgood/audiobookshelf-hardcover-sync/internal/api/hardcover/client.go:2733.21,2735.3 1 0
github.com/drallgood/audiobookshelf-hardcover-sync/internal/api/hardcover/client.go:2736.2,2742.14 2 2
github.com/drallgood/audiobookshelf-hardcover-sync/internal/api/hardcover/client.go:2742.14,2745.3 2 0
github.com/drallgood/audiobookshelf-hardcover-sync/internal/api/hardcover/client.go:2748.2,2749.16 2 2
github.com/drallgood/audiobookshelf-hardcover-sync/internal/api/hardcover/client.go:2749.16,2752.3 2 0
github.com/drallgood/audiobookshelf-hardcover-sync/internal/api/hardcover/client.go:2754.2,2780.73 5 2
github.com/drallgood/audiobookshelf-hardcover-sync/internal/api/hardcover/client.go:2780.73,2785.3 2 0
github.com/drallgood/audiobookshelf-hardcover-sync/internal/api/hardcover/client.go:2788.2,2788.32 1 2
github.com/drallgood/audiobookshelf-hardcover-sync/internal/api/hardcover/client.go:2788.32,2793.3 2 1
github.com/drallgood/audiobookshelf-hardcover-sync/internal/api/hardcover/client.go:2796.2,2800.8 2 1
github.com/drallgood/audiobookshelf-hardcover-sync/internal/api/hardcover/client.go:2804.81,2811.68 2 0
github.com/drallgood/audiobookshelf-hardcover-sync/internal/api/hardcover/client.go:2811.68,2816.3 2 0
github.com/drallgood/audiobookshelf-hardcover-sync/internal/api/hardcover/client.go:2819.2,2820.16 2 0
github.com/drallgood/audiobookshelf-hardcover-sync/internal/api/hardcover/client.go:2820.16,2826.3 2 0
github.com/drallgood/audiobookshelf-hardcover-sync/internal/api/hardcover/client.go:2829.2,2830.16 2 0
github.com/drallgood/audiobookshelf-hardcover-sync/internal/api/hardcover/client.go:2830.16,2836.3 2 0
github.com/drallgood/audiobookshelf-hardcover-sync/internal/api/hardcover/client.go:2839.2,2840.16 2 0
github.com/drallgood/audiobookshelf-hardcover-sync/internal/api/hardcover/client.go:2840.16,2846.3 2 0
github.com/drallgood/audiobookshelf-hardcover-sync/internal/api/hardcover/client.go:2849.2,2850.16 2 0
github.com/drallgood/audiobookshelf-hardcover-sync/internal/api/hardcover/client.go:2850.16,2858.3 2 0
github.com/drallgood/audiobookshelf-hardcover-sync/internal/api/hardcover/client.go:2861.2,2861.21 1 0
github.com/drallgood/audiobookshelf-hardcover-sync/internal/api/hardcover/client.go:2861.21,2863.17 2 0
github.com/drallgood/audiobookshelf-hardcover-sync/internal/api/hardcover/client.go:2863.17,2870.4 2 0
github.com/drallgood/audiobookshelf-hardcover-sync/internal/api/hardcover/client.go:2872.3,2872.21 1 0
github.com/drallgood/audiobookshelf-hardcover-sync/internal/api/hardcover/client.go:2872.21,2877.4 1 0
github.com/drallgood/audiobookshelf-hardcover-sync/internal/api/hardcover/client.go:2878.8,2884.3 1 0
github.com/drallgood/audiobookshelf-hardcover-sync/internal/api/hardcover/client.go:2887.2,2887.20 1 0
github.com/drallgood/audiobookshelf-hardcover-sync/internal/api/hardcover/client.go:2887.20,2889.3 1 0
github.com/drallgood/audiobookshelf-hardcover-sync/internal/api/hardcover/client.go:2891.2,2891.24 1 0
github.com/drallgood/audiobookshelf-hardcover-sync/internal/api/hardcover/client.go:2895.39,2898.2 2 0
github.com/drallgood/audiobookshelf-hardcover-sync/internal/api/hardcover/client.go:2901.106,2942.16 5 0
github.com/drallgood/audiobookshelf-hardcover-sync/internal/api/hardcover/client.go:2942.16,2951.3 3 0
github.com/drallgood/audiobookshelf-hardcover-sync/internal/api/hardcover/client.go:2954.2,2961.34 2 0
github.com/drallgood/audiobookshelf-hardcover-sync/internal/api/hardcover/client.go:2961.34,2963.3 1 0
github.com/drallgood/audiobookshelf-hardcover-sync/internal/api/hardcover/client.go:2965.2,2974.24 4 0
github.com/drallgood/audiobookshelf-hardcover-sync/internal/api/hardcover/client.go:2978.99,3014.16 5 0
github.com/drallgood/audiobookshelf-hardcover-sync/internal/api/hardcover/client.go:3014.16,3022.3 3 0
github.com/drallgood/audiobookshelf-hardcover-sync/internal/api/hardcover/client.go:3025.2,3032.34 2 0
github.com/drallgood/audiobookshelf-hardcover-sync/internal/api/hardcover/client.go:3032.34,3034.3 1 0
github.com/drallgood/audiobookshelf-hardcover-sync/internal/api/hardcover/client.go:3036.2,3044.24 4 0
github.com/drallgood/audiobookshelf-hardcover-sync/internal/api/hardcover/client.go:3059.96,3066.16 3 0
github.com/drallgood/audiobookshelf-hardcover-sync/internal/api/hardcover/client.go:3066.16,3072.3 2 0
github.com/drallgood/audiobookshelf-hardcover-sync/internal/api/hardcover/client.go:3074.2,3081.9 3 0
github.com/drallgood/audiobookshelf-hardcover-sync/internal/api/hardcover/client.go:3081.9,3083.3 1 0
github.com/drallgood/audiobookshelf-hardcover-sync/internal/api/hardcover/client.go:3086.2,3087.16 2 0
github.com/drallgood/audiobookshelf-hardcover-sync/internal/api/hardcover/client.go:3087.16,3093.3 2 0
github.com/drallgood/audiobookshelf-hardcover-sync/internal/api/hardcover/client.go:3096.2,3097.16 2 0
github.com/drallgood/audiobookshelf-hardcover-sync/internal/api/hardcover/client.go:3097.16,3103.3 2 0
github.com/drallgood/audiobookshelf-hardcover-sync/internal/api/hardcover/client.go:3106.2,3140.16 5 0
github.com/drallgood/audiobookshelf-hardcover-sync/internal/api/hardcover/client.go:3140.16,3149.3 3 0
github.com/drallgood/audiobookshelf-hardcover-sync/internal/api/hardcover/client.go:3151.2,3151.40 1 0
github.com/drallgood/audiobookshelf-hardcover-sync/internal/api/hardcover/client.go:3151.40,3160.3 3 0
github.com/drallgood/audiobookshelf-hardcover-sync/internal/api/hardcover/client.go:3162.2,3175.24 3 0
github.com/drallgood/audiobookshelf-hardcover-sync/internal/api/hardcover/client.go:3231.84,3233.16 2 6
github.com/drallgood/audiobookshelf-hardcover-sync/internal/api/hardcover/client.go:3233.16,3235.3 1 0
github.com/drallgood/audiobookshelf-hardcover-sync/internal/api/hardcover/client.go:3237.2,3268.16 5 6
github.com/drallgood/audiobookshelf-hardcover-sync/internal/api/hardcover/client.go:3268.16,3273.3 2 2
github.com/drallgood/audiobookshelf-hardcover-sync/internal/api/hardcover/client.go:3276.2,3282.19 3 4
github.com/drallgood/audiobookshelf-hardcover-sync/internal/api/hardcover/client.go:3286.90,3288.16 2 0
github.com/drallgood/audiobookshelf-hardcover-sync/internal/api/hardcover/client.go:3288.16,3290.3 1 0
github.com/drallgood/audiobookshelf-hardcover-sync/internal/api/hardcover/client.go:3292.2,3323.16 5 0
github.com/drallgood/audiobookshelf-hardcover-sync/internal/api/hardcover/client.go:3323.16,3328.3 2 0
github.com/drallgood/audiobookshelf-hardcover-sync/internal/api/hardcover/client.go:3331.2,3337.19 3 0
github.com/drallgood/audiobookshelf-hardcover-sync/internal/api/hardcover/client.go:3341.100,3349.21 3 0
github.com/drallgood/audiobookshelf-hardcover-sync/internal/api/hardcover/client.go:3349.21,3351.3 1 0
github.com/drallgood/audiobookshelf-hardcover-sync/internal/api/hardcover/client.go:3353.2,3394.16 4 0
github.com/drallgood/audiobookshelf-hardcover-sync/internal/api/hardcover/client.go:3394.16,3399.3 2 0
github.com/drallgood/audiobookshelf-hardcover-sync/internal/api/hardcover/client.go:3401.2,3401.66 1 0
github.com/drallgood/audiobookshelf-hardcover-sync/internal/api/hardcover/client.go:3401.66,3404.3 2 0
github.com/drallgood/audiobookshelf-hardcover-sync/internal/api/hardcover/client.go:3406.2,3418.24 4 0
github.com/drallgood/audiobookshelf-hardcover-sync/internal/api/hardcover/client.go:3418.24,3420.3 1 0
github.com/drallgood/audiobookshelf-hardcover-sync/internal/api/hardcover/client.go:3421.2,3421.26 1 0
github.com/drallgood/audiobookshelf-hardcover-sync/internal/api/hardcover/client.go:3421.26,3423.3 1 0
github.com/drallgood/audiobookshelf-hardcover-sync/internal/api/hardcover/client.go:3424.2,3424.26 1 0
github.com/drallgood/audiobookshelf-hardcover-sync/internal/api/hardcover/client.go:3424.26,3426.3 1 0
github.com/drallgood/audiobookshelf-hardcover-sync/internal/api/hardcover/client.go:3428.2,3433.20 2 0
github.com/drallgood/audiobookshelf-hardcover-sync/internal/api/hardcover/client.go:3437.116,3448.22 4 4
github.com/drallgood/audiobookshelf-hardcover-sync/internal/api/hardcover/client.go:3448.22,3450.3 1 1
github.com/drallgood/audiobookshelf-hardcover-sync/internal/api/hardcover/client.go:3453.2,3458.59 3 3
github.com/drallgood/audiobookshelf-hardcover-sync/internal/api/hardcover/client.go:3458.59,3459.24 1 3
github.com/drallgood/audiobookshelf-hardcover-sync/internal/api/hardcover/client.go:3459.24,3461.4 1 2
github.com/drallgood/audiobookshelf-hardcover-sync/internal/api/hardcover/client.go:3462.3,3462.12 1 1
github.com/drallgood/audiobookshelf-hardcover-sync/internal/api/hardcover/client.go:3467.17,3468.25 1 3
github.com/drallgood/audiobookshelf-hardcover-sync/internal/api/hardcover/client.go:3468.25,3471.5 1 2
github.com/drallgood/audiobookshelf-hardcover-sync/internal/api/hardcover/client.go:3472.4,3472.13 1 1
github.com/drallgood/audiobookshelf-hardcover-sync/internal/api/hardcover/client.go:3494.2,3499.23 2 3
github.com/drallgood/audiobookshelf-hardcover-sync/internal/api/hardcover/client.go:3499.23,3501.3 1 2
github.com/drallgood/audiobookshelf-hardcover-sync/internal/api/hardcover/client.go:3504.2,3527.16 4 3
github.com/drallgood/audiobookshelf-hardcover-sync/internal/api/hardcover/client.go:3527.16,3534.3 2 0
github.com/drallgood/audiobookshelf-hardcover-sync/internal/api/hardcover/client.go:3536.2,3536.30 1 3
github.com/drallgood/audiobookshelf-hardcover-sync/internal/api/hardcover/client.go:3536.30,3542.3 2 1
github.com/drallgood/audiobookshelf-hardcover-sync/internal/api/hardcover/client.go:3545.2,3546.33 2 2
github.com/drallgood/audiobookshelf-hardcover-sync/internal/api/hardcover/client.go:3546.33,3551.3 2 0
github.com/drallgood/audiobookshelf-hardcover-sync/internal/api/hardcover/client.go:3553.2,3564.24 3 2
github.com/drallgood/audiobookshelf-hardcover-sync/internal/api/hardcover/client.go:3564.24,3566.3 1 2
github.com/drallgood/audiobookshelf-hardcover-sync/internal/api/hardcover/client.go:3567.2,3567.26 1 2
github.com/drallgood/audiobookshelf-hardcover-sync/internal/api/hardcover/client.go:3567.26,3569.3 1 2
github.com/drallgood/audiobookshelf-hardcover-sync/internal/api/hardcover/client.go:3570.2,3570.26 1 2
github.com/drallgood/audiobookshelf-hardcover-sync/internal/api/hardcover/client.go:3570.26,3572.3 1 2
github.com/drallgood/audiobookshelf-hardcover-sync/internal/api/hardcover/client.go:3574.2,3580.20 2 2
github.com/drallgood/audiobookshelf-hardcover-sync/internal/api/hardcover/client.go:3584.79,3627.16 7 7
github.com/drallgood/audiobookshelf-hardcover-sync/internal/api/hardcover/client.go:3627.16,3632.3 2 6
github.com/drallgood/audiobookshelf-hardcover-sync/internal/api/hardcover/client.go:3634.2,3634.28 1 1
github.com/drallgood/audiobookshelf-hardcover-sync/internal/api/hardcover/client.go:3634.28,3636.35 2 0
github.com/drallgood/audiobookshelf-hardcover-sync/internal/api/hardcover/client.go:3636.35,3638.4 1 0
github.com/drallgood/audiobookshelf-hardcover-sync/internal/api/hardcover/client.go:3639.3,3643.28 3 0
github.com/drallgood/audiobookshelf-hardcover-sync/internal/api/hardcover/client.go:3646.2,3650.12 2 1
github.com/drallgood/audiobookshelf-hardcover-sync/internal/api/hardcover/client.go:3654.87,3682.28 5 0
github.com/drallgood/audiobookshelf-hardcover-sync/internal/api/hardcover/client.go:3682.28,3685.3 2 0
github.com/drallgood/audiobookshelf-hardcover-sync/internal/api/hardcover/client.go:3687.2,3693.16 3 0
github.com/drallgood/audiobookshelf-hardcover-sync/internal/api/hardcover/client.go:3693.16,3698.3 2 0
github.com/drallgood/audiobookshelf-hardcover-sync/internal/api/hardcover/client.go:3700.2,3700.38 1 0
github.com/drallgood/audiobookshelf-hardcover-sync/internal/api/hardcover/client.go:3700.38,3703.3 2 0
github.com/drallgood/audiobookshelf-hardcover-sync/internal/api/hardcover/client.go:3705.2,3710.12 2 0
github.com/drallgood/audiobookshelf-hardcover-sync/internal/api/hardcover/client.go:3714.144,3743.16 5 5
github.com/drallgood/audiobookshelf-hardcover-sync/internal/api/hardcover/client.go:3743.16,3748.3 2 2
github.com/drallgood/audiobookshelf-hardcover-sync/internal/api/hardcover/client.go:3751.2,3753.21 3 3
github.com/drallgood/audiobookshelf-hardcover-sync/internal/api/hardcover/client.go:3753.21,3755.3 1 1
github.com/drallgood/audiobookshelf-hardcover-sync/internal/api/hardcover/client.go:3757.2,3765.8 2 3
github.com/drallgood/audiobookshelf-hardcover-sync/internal/api/hardcover/client.go:3794.87,3802.16 4 0
github.com/drallgood/audiobookshelf-hardcover-sync/internal/api/hardcover/client.go:3802.16,3804.3 1 0
github.com/drallgood/audiobookshelf-hardcover-sync/internal/api/hardcover/client.go:3808.2,3812.6 4 0
github.com/drallgood/audiobookshelf-hardcover-sync/internal/api/hardcover/client.go:3812.6,3853.17 4 0
github.com/drallgood/audiobookshelf-hardcover-sync/internal/api/hardcover/client.go:3853.17,3859.4 2 0
github.com/drallgood/audiobookshelf-hardcover-sync/internal/api/hardcover/client.go:3861.3,3861.35 1 0
github.com/drallgood/audiobookshelf-hardcover-sync/internal/api/hardcover/client.go:3861.35,3862.9 1 0
github.com/drallgood/audiobookshelf-hardcover-sync/internal/api/hardcover/client.go:3865.3,3872.38 3 0
github.com/drallgood/audiobookshelf-hardcover-sync/internal/api/hardcover/client.go:3872.38,3873.9 1 0
github.com/drallgood/audiobookshelf-hardcover-sync/internal/api/hardcover/client.go:3876.3,3876.18 1 0
github.com/drallgood/audiobookshelf-hardcover-sync/internal/api/hardcover/client.go:3879.2,3883.22 2 0
github.com/drallgood/audiobookshelf-hardcover-sync/internal/api/hardcover/errors.go:18.36,19.20 1 2
github.com/drallgood/audiobookshelf-hardcover-sync/internal/api/hardcover/errors.go:19.20,21.3 1 1
github.com/drallgood/audiobookshelf-hardcover-sync/internal/api/hardcover/errors.go:22.2,22.22 1 1
github.com/drallgood/audiobookshelf-hardcover-sync/internal/api/hardcover/errors.go:26.36,28.2 1 2
github.com/drallgood/audiobookshelf-hardcover-sync/internal/api/hardcover/errors.go:31.49,32.16 1 3
github.com/drallgood/audiobookshelf-hardcover-sync/internal/api/hardcover/errors.go:32.16,34.3 1 1
github.com/drallgood/audiobookshelf-hardcover-sync/internal/api/hardcover/errors.go:35.2,38.3 1 2
github.com/drallgood/audiobookshelf-hardcover-sync/internal/api/hardcover/errors.go:42.42,44.30 2 6
github.com/drallgood/audiobookshelf-hardcover-sync/internal/api/hardcover/errors.go:44.30,46.3 1 4
github.com/drallgood/audiobookshelf-hardcover-sync/internal/api/hardcover/errors.go:47.2,47.18 1 2
github.com/drallgood/audiobookshelf-hardcover-sync/internal/api/hardcover/test_helper.go:19.56,45.2 3 42
github.com/drallgood/audiobookshelf-hardcover-sync/internal/api/hardcover/test_helper.go:50.88,53.2 2 0
github.com/drallgood/audiobookshelf-hardcover-sync/internal/api/hardcover/test_helper.go:57.71,66.60 3 0
github.com/drallgood/audiobookshelf-hardcover-sync/internal/api/hardcover/test_helper.go:66.60,70.3 1 0
github.com/drallgood/audiobookshelf-hardcover-sync/internal/api/hardcover/test_helper.go:75.93,80.16 3 18
github.com/drallgood/audiobookshelf-hardcover-sync/internal/api/hardcover/test_helper.go:80.16,83.3 2 0
github.com/drallgood/audiobookshelf-hardcover-sync/internal/api/hardcover/test_helper.go:85.2,92.55 3 18
github.com/drallgood/audiobookshelf-hardcover-sync/internal/api/hardcover/test_helper.go:92.55,95.3 2 0
github.com/drallgood/audiobookshelf-hardcover-sync/internal/api/hardcover/test_helper.go:98.2,98.112 1 18
github.com/drallgood/audiobookshelf-hardcover-sync/internal/api/hardcover/test_helper.go:98.112,108.61 4 6
github.com/drallgood/audiobookshelf-hardcover-sync/internal/api/hardcover/test_helper.go:108.61,110.4 1 0
github.com/drallgood/audiobookshelf-hardcover-sync/internal/api/hardcover/test_helper.go:111.3,111.14 1 6
github.com/drallgood/audiobookshelf-hardcover-sync/internal/api/hardcover/test_helper.go:114.2,114.14 1 12
github.com/drallgood/audiobookshelf-hardcover-sync/internal/api/hardcover/upload_credentials.go:13.133,15.21 1 6
github.com/drallgood/audiobookshelf-hardcover-sync/internal/api/hardcover/upload_credentials.go:15.21,17.3 1 0
github.com/drallgood/audiobookshelf-hardcover-sync/internal/api/hardcover/upload_credentials.go:19.2,49.73 6 6
github.com/drallgood/audiobookshelf-hardcover-sync/internal/api/hardcover/upload_credentials.go:49.73,54.3 2 2
github.com/drallgood/audiobookshelf-hardcover-sync/internal/api/hardcover/upload_credentials.go:56.2,56.98 1 4
github.com/drallgood/audiobookshelf-hardcover-sync/internal/api/hardcover/upload_credentials.go:56.98,61.3 2 2
github.com/drallgood/audiobookshelf-hardcover-sync/internal/api/hardcover/upload_credentials.go:64.2,67.31 4 2
github.com/drallgood/audiobookshelf-hardcover-sync/internal/api/hardcover/upload_credentials.go:67.31,69.3 1 1
github.com/drallgood/audiobookshelf-hardcover-sync/internal/api/hardcover/upload_credentials.go:69.8,69.22 1 1
github.com/drallgood/audiobookshelf-hardcover-sync/internal/api/hardcover/upload_credentials.go:69.22,74.39 2 1
github.com/drallgood/audiobookshelf-hardcover-sync/internal/api/hardcover/upload_credentials.go:74.39,76.4 1 1
github.com/drallgood/audiobookshelf-hardcover-sync/internal/api/hardcover/upload_credentials.go:77.3,77.26 1 1
github.com/drallgood/audiobookshelf-hardcover-sync/internal/api/hardcover/upload_credentials.go:80.2,90.8 2 2
